[2016.10.21-08.47.05:526][  0]Log file open, 10/21/16 10:47:05
[2016.10.21-08.47.05:526][  0]LogInit:Display: Running engine for game: FALSeTowerDefence
[2016.10.21-08.47.05:526][  0]LogInit:Display: RandInit(-1505808868) SRandInit(-1505808868).
[2016.10.21-08.47.05:526][  0]LogTaskGraph: Started task graph with 4 named threads and 7 total threads.
[2016.10.21-08.47.05:526][  0]LogStats: Stats thread started at 0.066287
[2016.10.21-08.47.05:526][  0]LogInit: Version: 4.9.2-2707645+++depot+UE4-Releases+4.9
[2016.10.21-08.47.05:526][  0]LogInit: API Version: 2672455
[2016.10.21-08.47.05:526][  0]LogInit: Compiled (64-bit): Sep 28 2015 10:25:44
[2016.10.21-08.47.05:526][  0]LogInit: Compiled with Visual C++: 18.00.21005.01
[2016.10.21-08.47.05:526][  0]LogInit: Build Configuration: Development
[2016.10.21-08.47.05:526][  0]LogInit: Branch Name: ++depot+UE4-Releases+4.9
[2016.10.21-08.47.05:526][  0]LogInit: Command line: 
[2016.10.21-08.47.05:526][  0]LogInit: Base directory: C:/Program Files/Epic Games/4.9/Engine/Binaries/Win64/
[2016.10.21-08.47.05:526][  0]LogInit: Rocket: 1
[2016.10.21-08.47.05:542][  0]LogInit: Using libcurl 7.41.0
[2016.10.21-08.47.05:542][  0]LogInit:  - built for x86_64-pc-win32
[2016.10.21-08.47.05:542][  0]LogInit:  - supports SSL with WinSSL
[2016.10.21-08.47.05:542][  0]LogInit:  - other features:
[2016.10.21-08.47.05:542][  0]LogInit:      CURL_VERSION_SSL
[2016.10.21-08.47.05:542][  0]LogInit:      CURL_VERSION_IPV6
[2016.10.21-08.47.05:542][  0]LogInit:      CURL_VERSION_ASYNCHDNS
[2016.10.21-08.47.05:542][  0]LogInit:      CURL_VERSION_LARGEFILE
[2016.10.21-08.47.05:542][  0]LogInit:      CURL_VERSION_IDN
[2016.10.21-08.47.05:542][  0]LogInit:  CurlRequestOptions (configurable via config and command line):
[2016.10.21-08.47.05:542][  0]LogInit:  - bVerifyPeer = true  - Libcurl will verify peer certificate
[2016.10.21-08.47.05:542][  0]LogInit:  - bUseHttpProxy = false  - Libcurl will NOT use HTTP proxy
[2016.10.21-08.47.05:542][  0]LogInit:  - bDontReuseConnections = false  - Libcurl will reuse connections
[2016.10.21-08.47.05:542][  0]LogInit:  - CertBundlePath = nullptr  - Libcurl will use whatever was configured at build time.
[2016.10.21-08.47.05:549][  0]LogInit: Presizing for 0 objects not considered by GC, pre-allocating 0 bytes.
[2016.10.21-08.47.05:556][  0]LogInit: Object subsystem initialized
[2016.10.21-08.47.05:559][  0]LogInit: Selected Device Profile: [Windows]
[2016.10.21-08.47.05:559][  0]LogInit: Applying CVar settings loaded from the selected device profile: [Windows]
[2016.10.21-08.47.05:571][  0]LogInit: Computer: S4F29473
[2016.10.21-08.47.05:571][  0]LogInit: User: adamlevin
[2016.10.21-08.47.05:571][  0]LogInit: CPU Page size=4096, Cores=4
[2016.10.21-08.47.05:571][  0]LogInit: High frequency timer resolution =3.507763 MHz
[2016.10.21-08.47.05:571][  0]LogMemory: Memory total: Physical=15.9GB (16GB approx)
[2016.10.21-08.47.05:571][  0]LogMemory: Platform Memory Stats for Windows
[2016.10.21-08.47.05:571][  0]LogMemory: Process Physical Memory: 54.76 MB used, 54.76 MB peak
[2016.10.21-08.47.05:571][  0]LogMemory: Process Virtual Memory: 59.31 MB used, 59.31 MB peak
[2016.10.21-08.47.05:571][  0]LogMemory: Physical Memory: 5286.09 MB used, 16307.89 MB total
[2016.10.21-08.47.05:571][  0]LogMemory: Virtual Memory: 341.60 MB used, 8388608.00 MB total
[2016.10.21-08.47.05:597][  0]LogTextLocalizationManager: No translations for ('sv-SE') exist, falling back to 'en' for localization and internationalization data.
[2016.10.21-08.47.06:411][  0]LogD3D11RHI: Found D3D11 adapter 0: NVIDIA GeForce GT 620  (Feature Level 11_0)
[2016.10.21-08.47.06:411][  0]LogD3D11RHI: Adapter has 977MB of dedicated video memory, 0MB of dedicated system memory, and 3071MB of shared system memory, 1 output[s]
[2016.10.21-08.47.06:411][  0]LogD3D11RHI: Chosen D3D11 Adapter Id = 0
[2016.10.21-08.47.06:419][  0]LogD3D11RHI: !Direct3DDevice
[2016.10.21-08.47.06:419][  0]LogRHI: Texture pool is 684 MB (70% of 977 MB)
[2016.10.21-08.47.06:430][  0]LogD3D11RHI: Async texture creation enabled
[2016.10.21-08.47.06:467][  0]LogShaderCompilers: Guid format shader working directory is 15 characters bigger than the processId version (../../../../../../Users/adam.levin/Downloads/FALSe-UE3 Repository/FALSe-UE4Repository/FALSeTowerDefence/Intermediate/Shaders/WorkingDirectory/4880/).
[2016.10.21-08.47.06:468][  0]LogShaderCompilers: Cleaned the shader compiler working directory '../../../../../../Users/adam.levin/Downloads/FALSe-UE3 Repository/FALSe-UE4Repository/FALSeTowerDefence/Intermediate/Shaders/tmp/43F07CB944E6771749E6499CC37A4DF7/'.
[2016.10.21-08.47.06:468][  0]LogShaderCompilers:Display: Using Local Shader Compiler.
[2016.10.21-08.47.07:407][  0]LogTemp:Display: Loaded TP AllDesktopTargetPlatform
[2016.10.21-08.47.07:412][  0]LogTemp:Display: Loaded TP WindowsClientTargetPlatform
[2016.10.21-08.47.07:416][  0]LogTemp:Display: Loaded TP WindowsNoEditorTargetPlatform
[2016.10.21-08.47.07:420][  0]LogTemp:Display: Loaded TP WindowsServerTargetPlatform
[2016.10.21-08.47.07:424][  0]LogTemp:Display: Loaded TP WindowsTargetPlatform
[2016.10.21-08.47.07:426][  0]LogTemp:Display: Loaded TP AndroidTargetPlatform
[2016.10.21-08.47.07:429][  0]LogTemp:Display: Loaded TP Android_ASTCTargetPlatform
[2016.10.21-08.47.07:432][  0]LogTemp:Display: Loaded TP Android_ATCTargetPlatform
[2016.10.21-08.47.07:435][  0]LogTemp:Display: Loaded TP Android_DXTTargetPlatform
[2016.10.21-08.47.07:437][  0]LogTemp:Display: Loaded TP Android_ETC1TargetPlatform
[2016.10.21-08.47.07:440][  0]LogTemp:Display: Loaded TP Android_ETC2TargetPlatform
[2016.10.21-08.47.07:443][  0]LogTemp:Display: Loaded TP Android_PVRTCTargetPlatform
[2016.10.21-08.47.07:443][  0]LogTemp:Display: Loaded TP HTML5TargetPlatform
[2016.10.21-08.47.07:458][  0]LogTemp:Display: Loaded TP IOSTargetPlatform
[2016.10.21-08.47.07:461][  0]LogTemp:Display: Loaded TP LinuxNoEditorTargetPlatform
[2016.10.21-08.47.07:464][  0]LogTemp:Display: Loaded TP LinuxServerTargetPlatform
[2016.10.21-08.47.07:467][  0]LogTemp:Display: Loaded TP LinuxTargetPlatform
[2016.10.21-08.47.07:467][  0]LogTargetPlatformManager:Display: Building Assets For Windows
[2016.10.21-08.47.07:529][  0]LogDerivedDataCache:Display: Max Cache Size: 512 MB
[2016.10.21-08.47.07:582][  0]LogDerivedDataCache: Loaded boot cache 0.05s 41MB C:/Users/adam.levin/AppData/Local/UnrealEngine/4.9/DerivedDataCache/Boot.ddc.
[2016.10.21-08.47.07:582][  0]LogDerivedDataCache:Display: Loaded Boot cache: C:/Users/adam.levin/AppData/Local/UnrealEngine/4.9/DerivedDataCache/Boot.ddc
[2016.10.21-08.47.07:583][  0]LogDerivedDataCache: FDerivedDataBackendGraph:  Pak pak cache file ../../../../../../Users/adam.levin/Downloads/FALSe-UE3 Repository/FALSe-UE4Repository/FALSeTowerDefence/DerivedDataCache/DDC.ddp not found, will not use a pak cache.
[2016.10.21-08.47.07:583][  0]LogDerivedDataCache: Unable to find inner node Pak for hierarchical cache Hierarchy.
[2016.10.21-08.47.07:583][  0]LogDerivedDataCache: FDerivedDataBackendGraph:  CompressedPak pak cache file ../../../../../../Users/adam.levin/Downloads/FALSe-UE3 Repository/FALSe-UE4Repository/FALSeTowerDefence/DerivedDataCache/Compressed.ddp not found, will not use a pak cache.
[2016.10.21-08.47.07:583][  0]LogDerivedDataCache: Unable to find inner node CompressedPak for hierarchical cache Hierarchy.
[2016.10.21-08.47.07:703][  0]LogDerivedDataCache:Display: Pak cache opened for reading ../../../Engine/DerivedDataCache/Compressed.ddp.
[2016.10.21-08.47.07:714][  0]LogDerivedDataCache: Using Local data cache path C:/Users/adam.levin/AppData/Local/UnrealEngine/Common/DerivedDataCache: Writable
[2016.10.21-08.47.07:864][  0]LogInit: Selected Device Profile: [Windows]
[2016.10.21-08.47.07:865][  0]LogContentStreaming: Texture pool size is 0.000000MB
[2016.10.21-08.47.07:884][  0]LogMeshUtilities: No automatic mesh reduction module available
[2016.10.21-08.47.07:884][  0]LogMeshUtilities: No automatic mesh merging module available
[2016.10.21-08.47.08:218][  0]LogInit: WinSock: version 1.1 (2.2), MaxSocks=32767, MaxUdp=65467
[2016.10.21-08.47.08:778][  0]LogAssetRegistry: FAssetRegistry took 0.0099 seconds to start up
[2016.10.21-08.47.08:897][  0]UdpMessaging: Initializing bridge on interface 0.0.0.0:0 to multicast group 230.0.0.1:6666.
[2016.10.21-08.47.09:105][  0]SourceControl: Info Source control is disabled
[2016.10.21-08.47.09:105][  0]SourceControl: Info Source control is disabled
[2016.10.21-08.47.09:112][  0]SourceControl: Info Source control is disabled
[2016.10.21-08.47.09:119][  0]SourceControl: Info Source control is disabled
[2016.10.21-08.47.09:211][  0]LogLinker:Warning: Asset '../../../Engine/Plugins/Runtime/LeapMotionController/Content/LM_PassthroughMaterial.uasset' has been saved with empty engine version. The asset will be loaded but may be incompatible.
[2016.10.21-08.47.09:291][  0]LogObj: 28528 objects as part of root set at end of initial load.
[2016.10.21-08.47.09:291][  0]LogUObjectAllocator: 6068456 out of 0 bytes used by permanent object pool.
[2016.10.21-08.47.09:340][  0]LogEngine: Initializing Engine...
[2016.10.21-08.47.09:341][  0]LogHMD: Can't find Oculus library dev build: is proper Runtime installed? Version: 0.7.0.0
[2016.10.21-08.47.09:342][  0]LogHMD: SteamVR failed to initialize.  Err: 110
[2016.10.21-08.47.09:448][  0]LogAIModule: Creating AISystem for world NewWorld
[2016.10.21-08.47.09:451][  0]LogInit: XAudio2 using 'Högtalare (Realtek High Definition Audio)' : 2 channels at 48 kHz using 32 bits per sample (channel mask 0x3)
[2016.10.21-08.47.09:467][  0]LogInit: FAudioDevice initialized.
[2016.10.21-08.47.09:486][  0]LogDerivedDataCache: Saved boot cache 0.02s 41MB C:/Users/adam.levin/AppData/Local/UnrealEngine/4.9/DerivedDataCache/Boot.ddc.
[2016.10.21-08.47.09:490][  0]LogInit: Texture streaming: Enabled
[2016.10.21-08.47.09:494][  0]LogAnalytics: Creating configured Analytics provider AnalyticsET
[2016.10.21-08.47.09:494][  0]LogAnalytics: [UEEditor.Rocket.Release] APIServer = http://et2.epicgames.com/ET2/. AppVersion = 4.9.2-2707645+++depot+UE4-Releases+4.9
[2016.10.21-08.47.09:494][  0]LogAnalytics: [UEEditor.Rocket.Release] SetUserId 16e023ee4c89404f631b2d9c6f4fa94f|3a21392860eb45bba960cc25a0a50946|cc8b4937-2ef5-4543-9c23-1abec4be9424
[2016.10.21-08.47.09:494][  0]LogAnalytics: [UEEditor.Rocket.Release] AnalyticsET::StartSession
[2016.10.21-08.47.09:508][  0]LogInit: Transaction tracking system initialized
[2016.10.21-08.47.09:529][  0]BlueprintLog: New page: Editor Load
[2016.10.21-08.47.10:949][  0]LocalizationService: Info Localization service is disabled
[2016.10.21-08.47.11:293][  0]LogConsoleResponse:Display: 
[2016.10.21-08.47.11:387][  0]LogCook:Display: Done creating registry. It took  0.00s.
[2016.10.21-08.47.11:440][  0]LogFileCache: Scanning file cache for directory 'C:/Users/adam.levin/Downloads/FALSe-UE3 Repository/FALSe-UE4Repository/FALSeTowerDefence/Content/' took 0.01s
[2016.10.21-08.47.11:440][  0]SourceControl: Info Source control is disabled
[2016.10.21-08.47.11:440][  0]LogFactory: FactoryCreateBinary: PackFactory with PackFactory (0 0 C:/Program Files/Epic Games/4.9/FeaturePacks/StarterContent.upack)
[2016.10.21-08.47.11:446][  0]LogPackFactory: Finished extracting 8 files (including 0 errors).
[2016.10.21-08.47.11:450][  0]LogPackFactory: Copied "../../../Samples/StarterContent/Content/StarterContent/Architecture/Floor_400x400.uasset" to "../../../../../../Users/adam.levin/Downloads/FALSe-UE3 Repository/FALSe-UE4Repository/FALSeTowerDefence/Content/StarterContent/Architecture/Floor_400x400.uasset"
[2016.10.21-08.47.11:453][  0]LogPackFactory: Copied "../../../Samples/StarterContent/Content/StarterContent/Architecture/Pillar_50x500.uasset" to "../../../../../../Users/adam.levin/Downloads/FALSe-UE3 Repository/FALSe-UE4Repository/FALSeTowerDefence/Content/StarterContent/Architecture/Pillar_50x500.uasset"
[2016.10.21-08.47.11:456][  0]LogPackFactory: Copied "../../../Samples/StarterContent/Content/StarterContent/Architecture/SM_AssetPlatform.uasset" to "../../../../../../Users/adam.levin/Downloads/FALSe-UE3 Repository/FALSe-UE4Repository/FALSeTowerDefence/Content/StarterContent/Architecture/SM_AssetPlatform.uasset"
[2016.10.21-08.47.11:458][  0]LogPackFactory: Copied "../../../Samples/StarterContent/Content/StarterContent/Architecture/Wall_400x200.uasset" to "../../../../../../Users/adam.levin/Downloads/FALSe-UE3 Repository/FALSe-UE4Repository/FALSeTowerDefence/Content/StarterContent/Architecture/Wall_400x200.uasset"
[2016.10.21-08.47.11:461][  0]LogPackFactory: Copied "../../../Samples/StarterContent/Content/StarterContent/Architecture/Wall_400x300.uasset" to "../../../../../../Users/adam.levin/Downloads/FALSe-UE3 Repository/FALSe-UE4Repository/FALSeTowerDefence/Content/StarterContent/Architecture/Wall_400x300.uasset"
[2016.10.21-08.47.11:463][  0]LogPackFactory: Copied "../../../Samples/StarterContent/Content/StarterContent/Architecture/Wall_400x400.uasset" to "../../../../../../Users/adam.levin/Downloads/FALSe-UE3 Repository/FALSe-UE4Repository/FALSeTowerDefence/Content/StarterContent/Architecture/Wall_400x400.uasset"
[2016.10.21-08.47.11:465][  0]LogPackFactory: Copied "../../../Samples/StarterContent/Content/StarterContent/Architecture/Wall_500x500.uasset" to "../../../../../../Users/adam.levin/Downloads/FALSe-UE3 Repository/FALSe-UE4Repository/FALSeTowerDefence/Content/StarterContent/Architecture/Wall_500x500.uasset"
[2016.10.21-08.47.11:469][  0]LogPackFactory: Copied "../../../Samples/StarterContent/Content/StarterContent/Architecture/Wall_Door_400x300.uasset" to "../../../../../../Users/adam.levin/Downloads/FALSe-UE3 Repository/FALSe-UE4Repository/FALSeTowerDefence/Content/StarterContent/Architecture/Wall_Door_400x300.uasset"
[2016.10.21-08.47.11:471][  0]LogPackFactory: Copied "../../../Samples/StarterContent/Content/StarterContent/Architecture/Wall_Door_400x400.uasset" to "../../../../../../Users/adam.levin/Downloads/FALSe-UE3 Repository/FALSe-UE4Repository/FALSeTowerDefence/Content/StarterContent/Architecture/Wall_Door_400x400.uasset"
[2016.10.21-08.47.11:473][  0]LogPackFactory: Copied "../../../Samples/StarterContent/Content/StarterContent/Architecture/Wall_Window_400x300.uasset" to "../../../../../../Users/adam.levin/Downloads/FALSe-UE3 Repository/FALSe-UE4Repository/FALSeTowerDefence/Content/StarterContent/Architecture/Wall_Window_400x300.uasset"
[2016.10.21-08.47.11:477][  0]LogPackFactory: Copied "../../../Samples/StarterContent/Content/StarterContent/Architecture/Wall_Window_400x400.uasset" to "../../../../../../Users/adam.levin/Downloads/FALSe-UE3 Repository/FALSe-UE4Repository/FALSeTowerDefence/Content/StarterContent/Architecture/Wall_Window_400x400.uasset"
[2016.10.21-08.47.11:479][  0]LogPackFactory: Copied "../../../Samples/StarterContent/Content/StarterContent/Audio/Collapse01.uasset" to "../../../../../../Users/adam.levin/Downloads/FALSe-UE3 Repository/FALSe-UE4Repository/FALSeTowerDefence/Content/StarterContent/Audio/Collapse01.uasset"
[2016.10.21-08.47.11:482][  0]LogPackFactory: Copied "../../../Samples/StarterContent/Content/StarterContent/Audio/Collapse02.uasset" to "../../../../../../Users/adam.levin/Downloads/FALSe-UE3 Repository/FALSe-UE4Repository/FALSeTowerDefence/Content/StarterContent/Audio/Collapse02.uasset"
[2016.10.21-08.47.11:484][  0]LogPackFactory: Copied "../../../Samples/StarterContent/Content/StarterContent/Audio/Collapse_Cue.uasset" to "../../../../../../Users/adam.levin/Downloads/FALSe-UE3 Repository/FALSe-UE4Repository/FALSeTowerDefence/Content/StarterContent/Audio/Collapse_Cue.uasset"
[2016.10.21-08.47.11:487][  0]LogPackFactory: Copied "../../../Samples/StarterContent/Content/StarterContent/Audio/Explosion01.uasset" to "../../../../../../Users/adam.levin/Downloads/FALSe-UE3 Repository/FALSe-UE4Repository/FALSeTowerDefence/Content/StarterContent/Audio/Explosion01.uasset"
[2016.10.21-08.47.11:489][  0]LogPackFactory: Copied "../../../Samples/StarterContent/Content/StarterContent/Audio/Explosion02.uasset" to "../../../../../../Users/adam.levin/Downloads/FALSe-UE3 Repository/FALSe-UE4Repository/FALSeTowerDefence/Content/StarterContent/Audio/Explosion02.uasset"
[2016.10.21-08.47.11:491][  0]LogPackFactory: Copied "../../../Samples/StarterContent/Content/StarterContent/Audio/Explosion_Cue.uasset" to "../../../../../../Users/adam.levin/Downloads/FALSe-UE3 Repository/FALSe-UE4Repository/FALSeTowerDefence/Content/StarterContent/Audio/Explosion_Cue.uasset"
[2016.10.21-08.47.11:493][  0]LogPackFactory: Copied "../../../Samples/StarterContent/Content/StarterContent/Audio/Fire01.uasset" to "../../../../../../Users/adam.levin/Downloads/FALSe-UE3 Repository/FALSe-UE4Repository/FALSeTowerDefence/Content/StarterContent/Audio/Fire01.uasset"
[2016.10.21-08.47.11:494][  0]LogPackFactory: Copied "../../../Samples/StarterContent/Content/StarterContent/Audio/Fire01_Cue.uasset" to "../../../../../../Users/adam.levin/Downloads/FALSe-UE3 Repository/FALSe-UE4Repository/FALSeTowerDefence/Content/StarterContent/Audio/Fire01_Cue.uasset"
[2016.10.21-08.47.11:497][  0]LogPackFactory: Copied "../../../Samples/StarterContent/Content/StarterContent/Audio/Fire_Sparks01.uasset" to "../../../../../../Users/adam.levin/Downloads/FALSe-UE3 Repository/FALSe-UE4Repository/FALSeTowerDefence/Content/StarterContent/Audio/Fire_Sparks01.uasset"
[2016.10.21-08.47.11:499][  0]LogPackFactory: Copied "../../../Samples/StarterContent/Content/StarterContent/Audio/Fire_Sparks01_Cue.uasset" to "../../../../../../Users/adam.levin/Downloads/FALSe-UE3 Repository/FALSe-UE4Repository/FALSeTowerDefence/Content/StarterContent/Audio/Fire_Sparks01_Cue.uasset"
[2016.10.21-08.47.11:503][  0]LogPackFactory: Copied "../../../Samples/StarterContent/Content/StarterContent/Audio/Light01.uasset" to "../../../../../../Users/adam.levin/Downloads/FALSe-UE3 Repository/FALSe-UE4Repository/FALSeTowerDefence/Content/StarterContent/Audio/Light01.uasset"
[2016.10.21-08.47.11:505][  0]LogPackFactory: Copied "../../../Samples/StarterContent/Content/StarterContent/Audio/Light01_Cue.uasset" to "../../../../../../Users/adam.levin/Downloads/FALSe-UE3 Repository/FALSe-UE4Repository/FALSeTowerDefence/Content/StarterContent/Audio/Light01_Cue.uasset"
[2016.10.21-08.47.11:508][  0]LogPackFactory: Copied "../../../Samples/StarterContent/Content/StarterContent/Audio/Light02.uasset" to "../../../../../../Users/adam.levin/Downloads/FALSe-UE3 Repository/FALSe-UE4Repository/FALSeTowerDefence/Content/StarterContent/Audio/Light02.uasset"
[2016.10.21-08.47.11:511][  0]LogPackFactory: Copied "../../../Samples/StarterContent/Content/StarterContent/Audio/Light02_Cue.uasset" to "../../../../../../Users/adam.levin/Downloads/FALSe-UE3 Repository/FALSe-UE4Repository/FALSeTowerDefence/Content/StarterContent/Audio/Light02_Cue.uasset"
[2016.10.21-08.47.11:514][  0]LogPackFactory: Copied "../../../Samples/StarterContent/Content/StarterContent/Audio/Smoke01.uasset" to "../../../../../../Users/adam.levin/Downloads/FALSe-UE3 Repository/FALSe-UE4Repository/FALSeTowerDefence/Content/StarterContent/Audio/Smoke01.uasset"
[2016.10.21-08.47.11:515][  0]LogPackFactory: Copied "../../../Samples/StarterContent/Content/StarterContent/Audio/Smoke01_Cue.uasset" to "../../../../../../Users/adam.levin/Downloads/FALSe-UE3 Repository/FALSe-UE4Repository/FALSeTowerDefence/Content/StarterContent/Audio/Smoke01_Cue.uasset"
[2016.10.21-08.47.11:518][  0]LogPackFactory: Copied "../../../Samples/StarterContent/Content/StarterContent/Audio/Starter_Background_Cue.uasset" to "../../../../../../Users/adam.levin/Downloads/FALSe-UE3 Repository/FALSe-UE4Repository/FALSeTowerDefence/Content/StarterContent/Audio/Starter_Background_Cue.uasset"
[2016.10.21-08.47.11:524][  0]LogPackFactory: Copied "../../../Samples/StarterContent/Content/StarterContent/Audio/Starter_Birds01.uasset" to "../../../../../../Users/adam.levin/Downloads/FALSe-UE3 Repository/FALSe-UE4Repository/FALSeTowerDefence/Content/StarterContent/Audio/Starter_Birds01.uasset"
[2016.10.21-08.47.11:533][  0]LogPackFactory: Copied "../../../Samples/StarterContent/Content/StarterContent/Audio/Starter_Music01.uasset" to "../../../../../../Users/adam.levin/Downloads/FALSe-UE3 Repository/FALSe-UE4Repository/FALSeTowerDefence/Content/StarterContent/Audio/Starter_Music01.uasset"
[2016.10.21-08.47.11:537][  0]LogPackFactory: Copied "../../../Samples/StarterContent/Content/StarterContent/Audio/Starter_Music_Cue.uasset" to "../../../../../../Users/adam.levin/Downloads/FALSe-UE3 Repository/FALSe-UE4Repository/FALSeTowerDefence/Content/StarterContent/Audio/Starter_Music_Cue.uasset"
[2016.10.21-08.47.11:541][  0]LogPackFactory: Copied "../../../Samples/StarterContent/Content/StarterContent/Audio/Starter_Wind05.uasset" to "../../../../../../Users/adam.levin/Downloads/FALSe-UE3 Repository/FALSe-UE4Repository/FALSeTowerDefence/Content/StarterContent/Audio/Starter_Wind05.uasset"
[2016.10.21-08.47.11:545][  0]LogPackFactory: Copied "../../../Samples/StarterContent/Content/StarterContent/Audio/Starter_Wind06.uasset" to "../../../../../../Users/adam.levin/Downloads/FALSe-UE3 Repository/FALSe-UE4Repository/FALSeTowerDefence/Content/StarterContent/Audio/Starter_Wind06.uasset"
[2016.10.21-08.47.11:549][  0]LogPackFactory: Copied "../../../Samples/StarterContent/Content/StarterContent/Audio/Steam01.uasset" to "../../../../../../Users/adam.levin/Downloads/FALSe-UE3 Repository/FALSe-UE4Repository/FALSeTowerDefence/Content/StarterContent/Audio/Steam01.uasset"
[2016.10.21-08.47.11:552][  0]LogPackFactory: Copied "../../../Samples/StarterContent/Content/StarterContent/Audio/Steam01_Cue.uasset" to "../../../../../../Users/adam.levin/Downloads/FALSe-UE3 Repository/FALSe-UE4Repository/FALSeTowerDefence/Content/StarterContent/Audio/Steam01_Cue.uasset"
[2016.10.21-08.47.11:555][  0]LogPackFactory: Copied "../../../Samples/StarterContent/Content/StarterContent/Blueprints/Blueprint_CeilingLight.uasset" to "../../../../../../Users/adam.levin/Downloads/FALSe-UE3 Repository/FALSe-UE4Repository/FALSeTowerDefence/Content/StarterContent/Blueprints/Blueprint_CeilingLight.uasset"
[2016.10.21-08.47.11:558][  0]LogPackFactory: Copied "../../../Samples/StarterContent/Content/StarterContent/Blueprints/Blueprint_Effect_Explosion.uasset" to "../../../../../../Users/adam.levin/Downloads/FALSe-UE3 Repository/FALSe-UE4Repository/FALSeTowerDefence/Content/StarterContent/Blueprints/Blueprint_Effect_Explosion.uasset"
[2016.10.21-08.47.11:561][  0]LogPackFactory: Copied "../../../Samples/StarterContent/Content/StarterContent/Blueprints/Blueprint_Effect_Fire.uasset" to "../../../../../../Users/adam.levin/Downloads/FALSe-UE3 Repository/FALSe-UE4Repository/FALSeTowerDefence/Content/StarterContent/Blueprints/Blueprint_Effect_Fire.uasset"
[2016.10.21-08.47.11:564][  0]LogPackFactory: Copied "../../../Samples/StarterContent/Content/StarterContent/Blueprints/Blueprint_Effect_Smoke.uasset" to "../../../../../../Users/adam.levin/Downloads/FALSe-UE3 Repository/FALSe-UE4Repository/FALSeTowerDefence/Content/StarterContent/Blueprints/Blueprint_Effect_Smoke.uasset"
[2016.10.21-08.47.11:568][  0]LogPackFactory: Copied "../../../Samples/StarterContent/Content/StarterContent/Blueprints/Blueprint_Effect_Sparks.uasset" to "../../../../../../Users/adam.levin/Downloads/FALSe-UE3 Repository/FALSe-UE4Repository/FALSeTowerDefence/Content/StarterContent/Blueprints/Blueprint_Effect_Sparks.uasset"
[2016.10.21-08.47.11:571][  0]LogPackFactory: Copied "../../../Samples/StarterContent/Content/StarterContent/Blueprints/Blueprint_Effect_Steam.uasset" to "../../../../../../Users/adam.levin/Downloads/FALSe-UE3 Repository/FALSe-UE4Repository/FALSeTowerDefence/Content/StarterContent/Blueprints/Blueprint_Effect_Steam.uasset"
[2016.10.21-08.47.11:574][  0]LogPackFactory: Copied "../../../Samples/StarterContent/Content/StarterContent/Blueprints/Blueprint_WallSconce.uasset" to "../../../../../../Users/adam.levin/Downloads/FALSe-UE3 Repository/FALSe-UE4Repository/FALSeTowerDefence/Content/StarterContent/Blueprints/Blueprint_WallSconce.uasset"
[2016.10.21-08.47.11:577][  0]LogPackFactory: Copied "../../../Samples/StarterContent/Content/StarterContent/Blueprints/BP_LightStudio.uasset" to "../../../../../../Users/adam.levin/Downloads/FALSe-UE3 Repository/FALSe-UE4Repository/FALSeTowerDefence/Content/StarterContent/Blueprints/BP_LightStudio.uasset"
[2016.10.21-08.47.11:580][  0]LogPackFactory: Copied "../../../Samples/StarterContent/Content/StarterContent/Blueprints/Assets/FogBrightnessLUT.uasset" to "../../../../../../Users/adam.levin/Downloads/FALSe-UE3 Repository/FALSe-UE4Repository/FALSeTowerDefence/Content/StarterContent/Blueprints/Assets/FogBrightnessLUT.uasset"
[2016.10.21-08.47.11:583][  0]LogPackFactory: Copied "../../../Samples/StarterContent/Content/StarterContent/Blueprints/Assets/M_LightStage_Arrows.uasset" to "../../../../../../Users/adam.levin/Downloads/FALSe-UE3 Repository/FALSe-UE4Repository/FALSeTowerDefence/Content/StarterContent/Blueprints/Assets/M_LightStage_Arrows.uasset"
[2016.10.21-08.47.11:587][  0]LogPackFactory: Copied "../../../Samples/StarterContent/Content/StarterContent/Blueprints/Assets/M_LightStage_Skybox_Black.uasset" to "../../../../../../Users/adam.levin/Downloads/FALSe-UE3 Repository/FALSe-UE4Repository/FALSeTowerDefence/Content/StarterContent/Blueprints/Assets/M_LightStage_Skybox_Black.uasset"
[2016.10.21-08.47.11:591][  0]LogPackFactory: Copied "../../../Samples/StarterContent/Content/StarterContent/Blueprints/Assets/M_LightStage_Skybox_HDRI.uasset" to "../../../../../../Users/adam.levin/Downloads/FALSe-UE3 Repository/FALSe-UE4Repository/FALSeTowerDefence/Content/StarterContent/Blueprints/Assets/M_LightStage_Skybox_HDRI.uasset"
[2016.10.21-08.47.11:594][  0]LogPackFactory: Copied "../../../Samples/StarterContent/Content/StarterContent/Blueprints/Assets/M_LightStage_Skybox_Master.uasset" to "../../../../../../Users/adam.levin/Downloads/FALSe-UE3 Repository/FALSe-UE4Repository/FALSeTowerDefence/Content/StarterContent/Blueprints/Assets/M_LightStage_Skybox_Master.uasset"
[2016.10.21-08.47.11:597][  0]LogPackFactory: Copied "../../../Samples/StarterContent/Content/StarterContent/Blueprints/Assets/Skybox.uasset" to "../../../../../../Users/adam.levin/Downloads/FALSe-UE3 Repository/FALSe-UE4Repository/FALSeTowerDefence/Content/StarterContent/Blueprints/Assets/Skybox.uasset"
[2016.10.21-08.47.11:602][  0]LogPackFactory: Copied "../../../Samples/StarterContent/Content/StarterContent/Blueprints/Assets/SM_Arrows.uasset" to "../../../../../../Users/adam.levin/Downloads/FALSe-UE3 Repository/FALSe-UE4Repository/FALSeTowerDefence/Content/StarterContent/Blueprints/Assets/SM_Arrows.uasset"
[2016.10.21-08.47.11:604][  0]LogPackFactory: Copied "../../../Samples/StarterContent/Content/StarterContent/Blueprints/Assets/SunlightColorLUT.uasset" to "../../../../../../Users/adam.levin/Downloads/FALSe-UE3 Repository/FALSe-UE4Repository/FALSeTowerDefence/Content/StarterContent/Blueprints/Assets/SunlightColorLUT.uasset"
[2016.10.21-08.47.11:651][  0]LogPackFactory: Copied "../../../Samples/StarterContent/Content/StarterContent/HDRI/HDRI_Epic_Courtyard_Daylight.uasset" to "../../../../../../Users/adam.levin/Downloads/FALSe-UE3 Repository/FALSe-UE4Repository/FALSeTowerDefence/Content/StarterContent/HDRI/HDRI_Epic_Courtyard_Daylight.uasset"
[2016.10.21-08.47.11:654][  0]LogPackFactory: Copied "../../../Samples/StarterContent/Content/StarterContent/Maps/Advanced_Lighting.umap" to "../../../../../../Users/adam.levin/Downloads/FALSe-UE3 Repository/FALSe-UE4Repository/FALSeTowerDefence/Content/StarterContent/Maps/Advanced_Lighting.umap"
[2016.10.21-08.47.11:659][  0]LogPackFactory: Copied "../../../Samples/StarterContent/Content/StarterContent/Maps/Minimal_Default.umap" to "../../../../../../Users/adam.levin/Downloads/FALSe-UE3 Repository/FALSe-UE4Repository/FALSeTowerDefence/Content/StarterContent/Maps/Minimal_Default.umap"
[2016.10.21-08.47.11:672][  0]LogPackFactory: Copied "../../../Samples/StarterContent/Content/StarterContent/Maps/StarterMap.umap" to "../../../../../../Users/adam.levin/Downloads/FALSe-UE3 Repository/FALSe-UE4Repository/FALSeTowerDefence/Content/StarterContent/Maps/StarterMap.umap"
[2016.10.21-08.47.11:676][  0]LogPackFactory: Copied "../../../Samples/StarterContent/Content/StarterContent/Materials/M_AssetPlatform.uasset" to "../../../../../../Users/adam.levin/Downloads/FALSe-UE3 Repository/FALSe-UE4Repository/FALSeTowerDefence/Content/StarterContent/Materials/M_AssetPlatform.uasset"
[2016.10.21-08.47.11:678][  0]LogPackFactory: Copied "../../../Samples/StarterContent/Content/StarterContent/Materials/M_Basic_Floor.uasset" to "../../../../../../Users/adam.levin/Downloads/FALSe-UE3 Repository/FALSe-UE4Repository/FALSeTowerDefence/Content/StarterContent/Materials/M_Basic_Floor.uasset"
[2016.10.21-08.47.11:682][  0]LogPackFactory: Copied "../../../Samples/StarterContent/Content/StarterContent/Materials/M_Basic_Wall.uasset" to "../../../../../../Users/adam.levin/Downloads/FALSe-UE3 Repository/FALSe-UE4Repository/FALSeTowerDefence/Content/StarterContent/Materials/M_Basic_Wall.uasset"
[2016.10.21-08.47.11:685][  0]LogPackFactory: Copied "../../../Samples/StarterContent/Content/StarterContent/Materials/M_Brick_Clay_Beveled.uasset" to "../../../../../../Users/adam.levin/Downloads/FALSe-UE3 Repository/FALSe-UE4Repository/FALSeTowerDefence/Content/StarterContent/Materials/M_Brick_Clay_Beveled.uasset"
[2016.10.21-08.47.11:688][  0]LogPackFactory: Copied "../../../Samples/StarterContent/Content/StarterContent/Materials/M_Brick_Clay_New.uasset" to "../../../../../../Users/adam.levin/Downloads/FALSe-UE3 Repository/FALSe-UE4Repository/FALSeTowerDefence/Content/StarterContent/Materials/M_Brick_Clay_New.uasset"
[2016.10.21-08.47.11:691][  0]LogPackFactory: Copied "../../../Samples/StarterContent/Content/StarterContent/Materials/M_Brick_Clay_Old.uasset" to "../../../../../../Users/adam.levin/Downloads/FALSe-UE3 Repository/FALSe-UE4Repository/FALSeTowerDefence/Content/StarterContent/Materials/M_Brick_Clay_Old.uasset"
[2016.10.21-08.47.11:694][  0]LogPackFactory: Copied "../../../Samples/StarterContent/Content/StarterContent/Materials/M_Brick_Cut_Stone.uasset" to "../../../../../../Users/adam.levin/Downloads/FALSe-UE3 Repository/FALSe-UE4Repository/FALSeTowerDefence/Content/StarterContent/Materials/M_Brick_Cut_Stone.uasset"
[2016.10.21-08.47.11:697][  0]LogPackFactory: Copied "../../../Samples/StarterContent/Content/StarterContent/Materials/M_Brick_Hewn_Stone.uasset" to "../../../../../../Users/adam.levin/Downloads/FALSe-UE3 Repository/FALSe-UE4Repository/FALSeTowerDefence/Content/StarterContent/Materials/M_Brick_Hewn_Stone.uasset"
[2016.10.21-08.47.11:701][  0]LogPackFactory: Copied "../../../Samples/StarterContent/Content/StarterContent/Materials/M_Ceramic_Tile_Checker.uasset" to "../../../../../../Users/adam.levin/Downloads/FALSe-UE3 Repository/FALSe-UE4Repository/FALSeTowerDefence/Content/StarterContent/Materials/M_Ceramic_Tile_Checker.uasset"
[2016.10.21-08.47.11:704][  0]LogPackFactory: Copied "../../../Samples/StarterContent/Content/StarterContent/Materials/M_CobbleStone_Pebble.uasset" to "../../../../../../Users/adam.levin/Downloads/FALSe-UE3 Repository/FALSe-UE4Repository/FALSeTowerDefence/Content/StarterContent/Materials/M_CobbleStone_Pebble.uasset"
[2016.10.21-08.47.11:706][  0]LogPackFactory: Copied "../../../Samples/StarterContent/Content/StarterContent/Materials/M_CobbleStone_Rough.uasset" to "../../../../../../Users/adam.levin/Downloads/FALSe-UE3 Repository/FALSe-UE4Repository/FALSeTowerDefence/Content/StarterContent/Materials/M_CobbleStone_Rough.uasset"
[2016.10.21-08.47.11:709][  0]LogPackFactory: Copied "../../../Samples/StarterContent/Content/StarterContent/Materials/M_CobbleStone_Smooth.uasset" to "../../../../../../Users/adam.levin/Downloads/FALSe-UE3 Repository/FALSe-UE4Repository/FALSeTowerDefence/Content/StarterContent/Materials/M_CobbleStone_Smooth.uasset"
[2016.10.21-08.47.11:712][  0]LogPackFactory: Copied "../../../Samples/StarterContent/Content/StarterContent/Materials/M_ColorGrid_LowSpec.uasset" to "../../../../../../Users/adam.levin/Downloads/FALSe-UE3 Repository/FALSe-UE4Repository/FALSeTowerDefence/Content/StarterContent/Materials/M_ColorGrid_LowSpec.uasset"
[2016.10.21-08.47.11:715][  0]LogPackFactory: Copied "../../../Samples/StarterContent/Content/StarterContent/Materials/M_Concrete_Grime.uasset" to "../../../../../../Users/adam.levin/Downloads/FALSe-UE3 Repository/FALSe-UE4Repository/FALSeTowerDefence/Content/StarterContent/Materials/M_Concrete_Grime.uasset"
[2016.10.21-08.47.11:717][  0]LogPackFactory: Copied "../../../Samples/StarterContent/Content/StarterContent/Materials/M_Concrete_Panels.uasset" to "../../../../../../Users/adam.levin/Downloads/FALSe-UE3 Repository/FALSe-UE4Repository/FALSeTowerDefence/Content/StarterContent/Materials/M_Concrete_Panels.uasset"
[2016.10.21-08.47.11:720][  0]LogPackFactory: Copied "../../../Samples/StarterContent/Content/StarterContent/Materials/M_Concrete_Poured.uasset" to "../../../../../../Users/adam.levin/Downloads/FALSe-UE3 Repository/FALSe-UE4Repository/FALSeTowerDefence/Content/StarterContent/Materials/M_Concrete_Poured.uasset"
[2016.10.21-08.47.11:723][  0]LogPackFactory: Copied "../../../Samples/StarterContent/Content/StarterContent/Materials/M_Concrete_Tiles.uasset" to "../../../../../../Users/adam.levin/Downloads/FALSe-UE3 Repository/FALSe-UE4Repository/FALSeTowerDefence/Content/StarterContent/Materials/M_Concrete_Tiles.uasset"
[2016.10.21-08.47.11:726][  0]LogPackFactory: Copied "../../../Samples/StarterContent/Content/StarterContent/Materials/M_Glass.uasset" to "../../../../../../Users/adam.levin/Downloads/FALSe-UE3 Repository/FALSe-UE4Repository/FALSeTowerDefence/Content/StarterContent/Materials/M_Glass.uasset"
[2016.10.21-08.47.11:728][  0]LogPackFactory: Copied "../../../Samples/StarterContent/Content/StarterContent/Materials/M_Ground_Grass.uasset" to "../../../../../../Users/adam.levin/Downloads/FALSe-UE3 Repository/FALSe-UE4Repository/FALSeTowerDefence/Content/StarterContent/Materials/M_Ground_Grass.uasset"
[2016.10.21-08.47.11:732][  0]LogPackFactory: Copied "../../../Samples/StarterContent/Content/StarterContent/Materials/M_Ground_Gravel.uasset" to "../../../../../../Users/adam.levin/Downloads/FALSe-UE3 Repository/FALSe-UE4Repository/FALSeTowerDefence/Content/StarterContent/Materials/M_Ground_Gravel.uasset"
[2016.10.21-08.47.11:734][  0]LogPackFactory: Copied "../../../Samples/StarterContent/Content/StarterContent/Materials/M_Ground_Moss.uasset" to "../../../../../../Users/adam.levin/Downloads/FALSe-UE3 Repository/FALSe-UE4Repository/FALSeTowerDefence/Content/StarterContent/Materials/M_Ground_Moss.uasset"
[2016.10.21-08.47.11:738][  0]LogPackFactory: Copied "../../../Samples/StarterContent/Content/StarterContent/Materials/M_Metal_Brushed_Nickel.uasset" to "../../../../../../Users/adam.levin/Downloads/FALSe-UE3 Repository/FALSe-UE4Repository/FALSeTowerDefence/Content/StarterContent/Materials/M_Metal_Brushed_Nickel.uasset"
[2016.10.21-08.47.11:741][  0]LogPackFactory: Copied "../../../Samples/StarterContent/Content/StarterContent/Materials/M_Metal_Burnished_Steel.uasset" to "../../../../../../Users/adam.levin/Downloads/FALSe-UE3 Repository/FALSe-UE4Repository/FALSeTowerDefence/Content/StarterContent/Materials/M_Metal_Burnished_Steel.uasset"
[2016.10.21-08.47.11:743][  0]LogPackFactory: Copied "../../../Samples/StarterContent/Content/StarterContent/Materials/M_Metal_Chrome.uasset" to "../../../../../../Users/adam.levin/Downloads/FALSe-UE3 Repository/FALSe-UE4Repository/FALSeTowerDefence/Content/StarterContent/Materials/M_Metal_Chrome.uasset"
[2016.10.21-08.47.11:746][  0]LogPackFactory: Copied "../../../Samples/StarterContent/Content/StarterContent/Materials/M_Metal_Copper.uasset" to "../../../../../../Users/adam.levin/Downloads/FALSe-UE3 Repository/FALSe-UE4Repository/FALSeTowerDefence/Content/StarterContent/Materials/M_Metal_Copper.uasset"
[2016.10.21-08.47.11:749][  0]LogPackFactory: Copied "../../../Samples/StarterContent/Content/StarterContent/Materials/M_Metal_Gold.uasset" to "../../../../../../Users/adam.levin/Downloads/FALSe-UE3 Repository/FALSe-UE4Repository/FALSeTowerDefence/Content/StarterContent/Materials/M_Metal_Gold.uasset"
[2016.10.21-08.47.11:751][  0]LogPackFactory: Copied "../../../Samples/StarterContent/Content/StarterContent/Materials/M_Metal_Rust.uasset" to "../../../../../../Users/adam.levin/Downloads/FALSe-UE3 Repository/FALSe-UE4Repository/FALSeTowerDefence/Content/StarterContent/Materials/M_Metal_Rust.uasset"
[2016.10.21-08.47.11:754][  0]LogPackFactory: Copied "../../../Samples/StarterContent/Content/StarterContent/Materials/M_Metal_Steel.uasset" to "../../../../../../Users/adam.levin/Downloads/FALSe-UE3 Repository/FALSe-UE4Repository/FALSeTowerDefence/Content/StarterContent/Materials/M_Metal_Steel.uasset"
[2016.10.21-08.47.11:757][  0]LogPackFactory: Copied "../../../Samples/StarterContent/Content/StarterContent/Materials/M_Rock_Basalt.uasset" to "../../../../../../Users/adam.levin/Downloads/FALSe-UE3 Repository/FALSe-UE4Repository/FALSeTowerDefence/Content/StarterContent/Materials/M_Rock_Basalt.uasset"
[2016.10.21-08.47.11:759][  0]LogPackFactory: Copied "../../../Samples/StarterContent/Content/StarterContent/Materials/M_Rock_Marble_Polished.uasset" to "../../../../../../Users/adam.levin/Downloads/FALSe-UE3 Repository/FALSe-UE4Repository/FALSeTowerDefence/Content/StarterContent/Materials/M_Rock_Marble_Polished.uasset"
[2016.10.21-08.47.11:762][  0]LogPackFactory: Copied "../../../Samples/StarterContent/Content/StarterContent/Materials/M_Rock_Sandstone.uasset" to "../../../../../../Users/adam.levin/Downloads/FALSe-UE3 Repository/FALSe-UE4Repository/FALSeTowerDefence/Content/StarterContent/Materials/M_Rock_Sandstone.uasset"
[2016.10.21-08.47.11:765][  0]LogPackFactory: Copied "../../../Samples/StarterContent/Content/StarterContent/Materials/M_Rock_Slate.uasset" to "../../../../../../Users/adam.levin/Downloads/FALSe-UE3 Repository/FALSe-UE4Repository/FALSeTowerDefence/Content/StarterContent/Materials/M_Rock_Slate.uasset"
[2016.10.21-08.47.11:768][  0]LogPackFactory: Copied "../../../Samples/StarterContent/Content/StarterContent/Materials/M_Tech_Checker_Dot.uasset" to "../../../../../../Users/adam.levin/Downloads/FALSe-UE3 Repository/FALSe-UE4Repository/FALSeTowerDefence/Content/StarterContent/Materials/M_Tech_Checker_Dot.uasset"
[2016.10.21-08.47.11:771][  0]LogPackFactory: Copied "../../../Samples/StarterContent/Content/StarterContent/Materials/M_Tech_Hex_Tile.uasset" to "../../../../../../Users/adam.levin/Downloads/FALSe-UE3 Repository/FALSe-UE4Repository/FALSeTowerDefence/Content/StarterContent/Materials/M_Tech_Hex_Tile.uasset"
[2016.10.21-08.47.11:775][  0]LogPackFactory: Copied "../../../Samples/StarterContent/Content/StarterContent/Materials/M_Tech_Hex_Tile_Pulse.uasset" to "../../../../../../Users/adam.levin/Downloads/FALSe-UE3 Repository/FALSe-UE4Repository/FALSeTowerDefence/Content/StarterContent/Materials/M_Tech_Hex_Tile_Pulse.uasset"
[2016.10.21-08.47.11:778][  0]LogPackFactory: Copied "../../../Samples/StarterContent/Content/StarterContent/Materials/M_Tech_Panel.uasset" to "../../../../../../Users/adam.levin/Downloads/FALSe-UE3 Repository/FALSe-UE4Repository/FALSeTowerDefence/Content/StarterContent/Materials/M_Tech_Panel.uasset"
[2016.10.21-08.47.11:781][  0]LogPackFactory: Copied "../../../Samples/StarterContent/Content/StarterContent/Materials/M_Water_Lake.uasset" to "../../../../../../Users/adam.levin/Downloads/FALSe-UE3 Repository/FALSe-UE4Repository/FALSeTowerDefence/Content/StarterContent/Materials/M_Water_Lake.uasset"
[2016.10.21-08.47.11:785][  0]LogPackFactory: Copied "../../../Samples/StarterContent/Content/StarterContent/Materials/M_Water_Ocean.uasset" to "../../../../../../Users/adam.levin/Downloads/FALSe-UE3 Repository/FALSe-UE4Repository/FALSeTowerDefence/Content/StarterContent/Materials/M_Water_Ocean.uasset"
[2016.10.21-08.47.11:788][  0]LogPackFactory: Copied "../../../Samples/StarterContent/Content/StarterContent/Materials/M_Wood_Floor_Walnut_Polished.uasset" to "../../../../../../Users/adam.levin/Downloads/FALSe-UE3 Repository/FALSe-UE4Repository/FALSeTowerDefence/Content/StarterContent/Materials/M_Wood_Floor_Walnut_Polished.uasset"
[2016.10.21-08.47.11:791][  0]LogPackFactory: Copied "../../../Samples/StarterContent/Content/StarterContent/Materials/M_Wood_Floor_Walnut_Worn.uasset" to "../../../../../../Users/adam.levin/Downloads/FALSe-UE3 Repository/FALSe-UE4Repository/FALSeTowerDefence/Content/StarterContent/Materials/M_Wood_Floor_Walnut_Worn.uasset"
[2016.10.21-08.47.11:794][  0]LogPackFactory: Copied "../../../Samples/StarterContent/Content/StarterContent/Materials/M_Wood_Oak.uasset" to "../../../../../../Users/adam.levin/Downloads/FALSe-UE3 Repository/FALSe-UE4Repository/FALSeTowerDefence/Content/StarterContent/Materials/M_Wood_Oak.uasset"
[2016.10.21-08.47.11:797][  0]LogPackFactory: Copied "../../../Samples/StarterContent/Content/StarterContent/Materials/M_Wood_Pine.uasset" to "../../../../../../Users/adam.levin/Downloads/FALSe-UE3 Repository/FALSe-UE4Repository/FALSeTowerDefence/Content/StarterContent/Materials/M_Wood_Pine.uasset"
[2016.10.21-08.47.11:800][  0]LogPackFactory: Copied "../../../Samples/StarterContent/Content/StarterContent/Materials/M_Wood_Walnut.uasset" to "../../../../../../Users/adam.levin/Downloads/FALSe-UE3 Repository/FALSe-UE4Repository/FALSeTowerDefence/Content/StarterContent/Materials/M_Wood_Walnut.uasset"
[2016.10.21-08.47.11:803][  0]LogPackFactory: Copied "../../../Samples/StarterContent/Content/StarterContent/Particles/P_Ambient_Dust.uasset" to "../../../../../../Users/adam.levin/Downloads/FALSe-UE3 Repository/FALSe-UE4Repository/FALSeTowerDefence/Content/StarterContent/Particles/P_Ambient_Dust.uasset"
[2016.10.21-08.47.11:806][  0]LogPackFactory: Copied "../../../Samples/StarterContent/Content/StarterContent/Particles/P_Explosion.uasset" to "../../../../../../Users/adam.levin/Downloads/FALSe-UE3 Repository/FALSe-UE4Repository/FALSeTowerDefence/Content/StarterContent/Particles/P_Explosion.uasset"
[2016.10.21-08.47.11:809][  0]LogPackFactory: Copied "../../../Samples/StarterContent/Content/StarterContent/Particles/P_Fire.uasset" to "../../../../../../Users/adam.levin/Downloads/FALSe-UE3 Repository/FALSe-UE4Repository/FALSeTowerDefence/Content/StarterContent/Particles/P_Fire.uasset"
[2016.10.21-08.47.11:811][  0]LogPackFactory: Copied "../../../Samples/StarterContent/Content/StarterContent/Particles/P_Smoke.uasset" to "../../../../../../Users/adam.levin/Downloads/FALSe-UE3 Repository/FALSe-UE4Repository/FALSeTowerDefence/Content/StarterContent/Particles/P_Smoke.uasset"
[2016.10.21-08.47.11:813][  0]LogPackFactory: Copied "../../../Samples/StarterContent/Content/StarterContent/Particles/P_Sparks.uasset" to "../../../../../../Users/adam.levin/Downloads/FALSe-UE3 Repository/FALSe-UE4Repository/FALSeTowerDefence/Content/StarterContent/Particles/P_Sparks.uasset"
[2016.10.21-08.47.11:816][  0]LogPackFactory: Copied "../../../Samples/StarterContent/Content/StarterContent/Particles/P_Steam_Lit.uasset" to "../../../../../../Users/adam.levin/Downloads/FALSe-UE3 Repository/FALSe-UE4Repository/FALSeTowerDefence/Content/StarterContent/Particles/P_Steam_Lit.uasset"
[2016.10.21-08.47.11:819][  0]LogPackFactory: Copied "../../../Samples/StarterContent/Content/StarterContent/Particles/Materials/M_Burst.uasset" to "../../../../../../Users/adam.levin/Downloads/FALSe-UE3 Repository/FALSe-UE4Repository/FALSeTowerDefence/Content/StarterContent/Particles/Materials/M_Burst.uasset"
[2016.10.21-08.47.11:823][  0]LogPackFactory: Copied "../../../Samples/StarterContent/Content/StarterContent/Particles/Materials/M_Dust_Particle.uasset" to "../../../../../../Users/adam.levin/Downloads/FALSe-UE3 Repository/FALSe-UE4Repository/FALSeTowerDefence/Content/StarterContent/Particles/Materials/M_Dust_Particle.uasset"
[2016.10.21-08.47.11:826][  0]LogPackFactory: Copied "../../../Samples/StarterContent/Content/StarterContent/Particles/Materials/M_explosion_subUV.uasset" to "../../../../../../Users/adam.levin/Downloads/FALSe-UE3 Repository/FALSe-UE4Repository/FALSeTowerDefence/Content/StarterContent/Particles/Materials/M_explosion_subUV.uasset"
[2016.10.21-08.47.11:828][  0]LogPackFactory: Copied "../../../Samples/StarterContent/Content/StarterContent/Particles/Materials/M_Fire_SubUV.uasset" to "../../../../../../Users/adam.levin/Downloads/FALSe-UE3 Repository/FALSe-UE4Repository/FALSeTowerDefence/Content/StarterContent/Particles/Materials/M_Fire_SubUV.uasset"
[2016.10.21-08.47.11:831][  0]LogPackFactory: Copied "../../../Samples/StarterContent/Content/StarterContent/Particles/Materials/m_flare_01.uasset" to "../../../../../../Users/adam.levin/Downloads/FALSe-UE3 Repository/FALSe-UE4Repository/FALSeTowerDefence/Content/StarterContent/Particles/Materials/m_flare_01.uasset"
[2016.10.21-08.47.11:834][  0]LogPackFactory: Copied "../../../Samples/StarterContent/Content/StarterContent/Particles/Materials/M_Heat_Distortion.uasset" to "../../../../../../Users/adam.levin/Downloads/FALSe-UE3 Repository/FALSe-UE4Repository/FALSeTowerDefence/Content/StarterContent/Particles/Materials/M_Heat_Distortion.uasset"
[2016.10.21-08.47.11:836][  0]LogPackFactory: Copied "../../../Samples/StarterContent/Content/StarterContent/Particles/Materials/M_Radial_Gradient.uasset" to "../../../../../../Users/adam.levin/Downloads/FALSe-UE3 Repository/FALSe-UE4Repository/FALSeTowerDefence/Content/StarterContent/Particles/Materials/M_Radial_Gradient.uasset"
[2016.10.21-08.47.11:839][  0]LogPackFactory: Copied "../../../Samples/StarterContent/Content/StarterContent/Particles/Materials/M_radial_ramp.uasset" to "../../../../../../Users/adam.levin/Downloads/FALSe-UE3 Repository/FALSe-UE4Repository/FALSeTowerDefence/Content/StarterContent/Particles/Materials/M_radial_ramp.uasset"
[2016.10.21-08.47.11:842][  0]LogPackFactory: Copied "../../../Samples/StarterContent/Content/StarterContent/Particles/Materials/M_smoke_subUV.uasset" to "../../../../../../Users/adam.levin/Downloads/FALSe-UE3 Repository/FALSe-UE4Repository/FALSeTowerDefence/Content/StarterContent/Particles/Materials/M_smoke_subUV.uasset"
[2016.10.21-08.47.11:844][  0]LogPackFactory: Copied "../../../Samples/StarterContent/Content/StarterContent/Particles/Materials/M_Spark.uasset" to "../../../../../../Users/adam.levin/Downloads/FALSe-UE3 Repository/FALSe-UE4Repository/FALSeTowerDefence/Content/StarterContent/Particles/Materials/M_Spark.uasset"
[2016.10.21-08.47.11:847][  0]LogPackFactory: Copied "../../../Samples/StarterContent/Content/StarterContent/Props/MaterialSphere.uasset" to "../../../../../../Users/adam.levin/Downloads/FALSe-UE3 Repository/FALSe-UE4Repository/FALSeTowerDefence/Content/StarterContent/Props/MaterialSphere.uasset"
[2016.10.21-08.47.11:849][  0]LogPackFactory: Copied "../../../Samples/StarterContent/Content/StarterContent/Props/SM_Bush.uasset" to "../../../../../../Users/adam.levin/Downloads/FALSe-UE3 Repository/FALSe-UE4Repository/FALSeTowerDefence/Content/StarterContent/Props/SM_Bush.uasset"
[2016.10.21-08.47.11:852][  0]LogPackFactory: Copied "../../../Samples/StarterContent/Content/StarterContent/Props/SM_Chair.uasset" to "../../../../../../Users/adam.levin/Downloads/FALSe-UE3 Repository/FALSe-UE4Repository/FALSeTowerDefence/Content/StarterContent/Props/SM_Chair.uasset"
[2016.10.21-08.47.11:855][  0]LogPackFactory: Copied "../../../Samples/StarterContent/Content/StarterContent/Props/SM_CornerFrame.uasset" to "../../../../../../Users/adam.levin/Downloads/FALSe-UE3 Repository/FALSe-UE4Repository/FALSeTowerDefence/Content/StarterContent/Props/SM_CornerFrame.uasset"
[2016.10.21-08.47.11:858][  0]LogPackFactory: Copied "../../../Samples/StarterContent/Content/StarterContent/Props/SM_Couch.uasset" to "../../../../../../Users/adam.levin/Downloads/FALSe-UE3 Repository/FALSe-UE4Repository/FALSeTowerDefence/Content/StarterContent/Props/SM_Couch.uasset"
[2016.10.21-08.47.11:860][  0]LogPackFactory: Copied "../../../Samples/StarterContent/Content/StarterContent/Props/SM_Door.uasset" to "../../../../../../Users/adam.levin/Downloads/FALSe-UE3 Repository/FALSe-UE4Repository/FALSeTowerDefence/Content/StarterContent/Props/SM_Door.uasset"
[2016.10.21-08.47.11:862][  0]LogPackFactory: Copied "../../../Samples/StarterContent/Content/StarterContent/Props/SM_DoorFrame.uasset" to "../../../../../../Users/adam.levin/Downloads/FALSe-UE3 Repository/FALSe-UE4Repository/FALSeTowerDefence/Content/StarterContent/Props/SM_DoorFrame.uasset"
[2016.10.21-08.47.11:865][  0]LogPackFactory: Copied "../../../Samples/StarterContent/Content/StarterContent/Props/SM_GlassWindow.uasset" to "../../../../../../Users/adam.levin/Downloads/FALSe-UE3 Repository/FALSe-UE4Repository/FALSeTowerDefence/Content/StarterContent/Props/SM_GlassWindow.uasset"
[2016.10.21-08.47.11:867][  0]LogPackFactory: Copied "../../../Samples/StarterContent/Content/StarterContent/Props/SM_Lamp_Ceiling.uasset" to "../../../../../../Users/adam.levin/Downloads/FALSe-UE3 Repository/FALSe-UE4Repository/FALSeTowerDefence/Content/StarterContent/Props/SM_Lamp_Ceiling.uasset"
[2016.10.21-08.47.11:870][  0]LogPackFactory: Copied "../../../Samples/StarterContent/Content/StarterContent/Props/SM_Lamp_Wall.uasset" to "../../../../../../Users/adam.levin/Downloads/FALSe-UE3 Repository/FALSe-UE4Repository/FALSeTowerDefence/Content/StarterContent/Props/SM_Lamp_Wall.uasset"
[2016.10.21-08.47.11:874][  0]LogPackFactory: Copied "../../../Samples/StarterContent/Content/StarterContent/Props/SM_MatPreviewMesh_02.uasset" to "../../../../../../Users/adam.levin/Downloads/FALSe-UE3 Repository/FALSe-UE4Repository/FALSeTowerDefence/Content/StarterContent/Props/SM_MatPreviewMesh_02.uasset"
[2016.10.21-08.47.11:876][  0]LogPackFactory: Copied "../../../Samples/StarterContent/Content/StarterContent/Props/SM_PillarFrame.uasset" to "../../../../../../Users/adam.levin/Downloads/FALSe-UE3 Repository/FALSe-UE4Repository/FALSeTowerDefence/Content/StarterContent/Props/SM_PillarFrame.uasset"
[2016.10.21-08.47.11:878][  0]LogPackFactory: Copied "../../../Samples/StarterContent/Content/StarterContent/Props/SM_PillarFrame300.uasset" to "../../../../../../Users/adam.levin/Downloads/FALSe-UE3 Repository/FALSe-UE4Repository/FALSeTowerDefence/Content/StarterContent/Props/SM_PillarFrame300.uasset"
[2016.10.21-08.47.11:881][  0]LogPackFactory: Copied "../../../Samples/StarterContent/Content/StarterContent/Props/SM_Rock.uasset" to "../../../../../../Users/adam.levin/Downloads/FALSe-UE3 Repository/FALSe-UE4Repository/FALSeTowerDefence/Content/StarterContent/Props/SM_Rock.uasset"
[2016.10.21-08.47.11:883][  0]LogPackFactory: Copied "../../../Samples/StarterContent/Content/StarterContent/Props/SM_Shelf.uasset" to "../../../../../../Users/adam.levin/Downloads/FALSe-UE3 Repository/FALSe-UE4Repository/FALSeTowerDefence/Content/StarterContent/Props/SM_Shelf.uasset"
[2016.10.21-08.47.11:886][  0]LogPackFactory: Copied "../../../Samples/StarterContent/Content/StarterContent/Props/SM_Stairs.uasset" to "../../../../../../Users/adam.levin/Downloads/FALSe-UE3 Repository/FALSe-UE4Repository/FALSeTowerDefence/Content/StarterContent/Props/SM_Stairs.uasset"
[2016.10.21-08.47.11:888][  0]LogPackFactory: Copied "../../../Samples/StarterContent/Content/StarterContent/Props/SM_Statue.uasset" to "../../../../../../Users/adam.levin/Downloads/FALSe-UE3 Repository/FALSe-UE4Repository/FALSeTowerDefence/Content/StarterContent/Props/SM_Statue.uasset"
[2016.10.21-08.47.11:891][  0]LogPackFactory: Copied "../../../Samples/StarterContent/Content/StarterContent/Props/SM_TableRound.uasset" to "../../../../../../Users/adam.levin/Downloads/FALSe-UE3 Repository/FALSe-UE4Repository/FALSeTowerDefence/Content/StarterContent/Props/SM_TableRound.uasset"
[2016.10.21-08.47.11:894][  0]LogPackFactory: Copied "../../../Samples/StarterContent/Content/StarterContent/Props/SM_WindowFrame.uasset" to "../../../../../../Users/adam.levin/Downloads/FALSe-UE3 Repository/FALSe-UE4Repository/FALSeTowerDefence/Content/StarterContent/Props/SM_WindowFrame.uasset"
[2016.10.21-08.47.11:898][  0]LogPackFactory: Copied "../../../Samples/StarterContent/Content/StarterContent/Props/Materials/M_Bush.uasset" to "../../../../../../Users/adam.levin/Downloads/FALSe-UE3 Repository/FALSe-UE4Repository/FALSeTowerDefence/Content/StarterContent/Props/Materials/M_Bush.uasset"
[2016.10.21-08.47.11:900][  0]LogPackFactory: Copied "../../../Samples/StarterContent/Content/StarterContent/Props/Materials/M_Chair.uasset" to "../../../../../../Users/adam.levin/Downloads/FALSe-UE3 Repository/FALSe-UE4Repository/FALSeTowerDefence/Content/StarterContent/Props/Materials/M_Chair.uasset"
[2016.10.21-08.47.11:903][  0]LogPackFactory: Copied "../../../Samples/StarterContent/Content/StarterContent/Props/Materials/M_Door.uasset" to "../../../../../../Users/adam.levin/Downloads/FALSe-UE3 Repository/FALSe-UE4Repository/FALSeTowerDefence/Content/StarterContent/Props/Materials/M_Door.uasset"
[2016.10.21-08.47.11:905][  0]LogPackFactory: Copied "../../../Samples/StarterContent/Content/StarterContent/Props/Materials/M_Frame.uasset" to "../../../../../../Users/adam.levin/Downloads/FALSe-UE3 Repository/FALSe-UE4Repository/FALSeTowerDefence/Content/StarterContent/Props/Materials/M_Frame.uasset"
[2016.10.21-08.47.11:908][  0]LogPackFactory: Copied "../../../Samples/StarterContent/Content/StarterContent/Props/Materials/M_Lamp.uasset" to "../../../../../../Users/adam.levin/Downloads/FALSe-UE3 Repository/FALSe-UE4Repository/FALSeTowerDefence/Content/StarterContent/Props/Materials/M_Lamp.uasset"
[2016.10.21-08.47.11:910][  0]LogPackFactory: Copied "../../../Samples/StarterContent/Content/StarterContent/Props/Materials/M_MaterialSphere.uasset" to "../../../../../../Users/adam.levin/Downloads/FALSe-UE3 Repository/FALSe-UE4Repository/FALSeTowerDefence/Content/StarterContent/Props/Materials/M_MaterialSphere.uasset"
[2016.10.21-08.47.11:913][  0]LogPackFactory: Copied "../../../Samples/StarterContent/Content/StarterContent/Props/Materials/M_MaterialSphere_Plain.uasset" to "../../../../../../Users/adam.levin/Downloads/FALSe-UE3 Repository/FALSe-UE4Repository/FALSeTowerDefence/Content/StarterContent/Props/Materials/M_MaterialSphere_Plain.uasset"
[2016.10.21-08.47.11:916][  0]LogPackFactory: Copied "../../../Samples/StarterContent/Content/StarterContent/Props/Materials/M_Rock.uasset" to "../../../../../../Users/adam.levin/Downloads/FALSe-UE3 Repository/FALSe-UE4Repository/FALSeTowerDefence/Content/StarterContent/Props/Materials/M_Rock.uasset"
[2016.10.21-08.47.11:918][  0]LogPackFactory: Copied "../../../Samples/StarterContent/Content/StarterContent/Props/Materials/M_Shelf.uasset" to "../../../../../../Users/adam.levin/Downloads/FALSe-UE3 Repository/FALSe-UE4Repository/FALSeTowerDefence/Content/StarterContent/Props/Materials/M_Shelf.uasset"
[2016.10.21-08.47.11:921][  0]LogPackFactory: Copied "../../../Samples/StarterContent/Content/StarterContent/Props/Materials/M_Statue.uasset" to "../../../../../../Users/adam.levin/Downloads/FALSe-UE3 Repository/FALSe-UE4Repository/FALSeTowerDefence/Content/StarterContent/Props/Materials/M_Statue.uasset"
[2016.10.21-08.47.11:928][  0]LogPackFactory: Copied "../../../Samples/StarterContent/Content/StarterContent/Props/Materials/M_StatueGlass.uasset" to "../../../../../../Users/adam.levin/Downloads/FALSe-UE3 Repository/FALSe-UE4Repository/FALSeTowerDefence/Content/StarterContent/Props/Materials/M_StatueGlass.uasset"
[2016.10.21-08.47.11:930][  0]LogPackFactory: Copied "../../../Samples/StarterContent/Content/StarterContent/Props/Materials/M_TableRound.uasset" to "../../../../../../Users/adam.levin/Downloads/FALSe-UE3 Repository/FALSe-UE4Repository/FALSeTowerDefence/Content/StarterContent/Props/Materials/M_TableRound.uasset"
[2016.10.21-08.47.11:932][  0]LogPackFactory: Copied "../../../Samples/StarterContent/Content/StarterContent/Shapes/Shape_Cone.uasset" to "../../../../../../Users/adam.levin/Downloads/FALSe-UE3 Repository/FALSe-UE4Repository/FALSeTowerDefence/Content/StarterContent/Shapes/Shape_Cone.uasset"
[2016.10.21-08.47.11:935][  0]LogPackFactory: Copied "../../../Samples/StarterContent/Content/StarterContent/Shapes/Shape_Cube.uasset" to "../../../../../../Users/adam.levin/Downloads/FALSe-UE3 Repository/FALSe-UE4Repository/FALSeTowerDefence/Content/StarterContent/Shapes/Shape_Cube.uasset"
[2016.10.21-08.47.11:938][  0]LogPackFactory: Copied "../../../Samples/StarterContent/Content/StarterContent/Shapes/Shape_Cylinder.uasset" to "../../../../../../Users/adam.levin/Downloads/FALSe-UE3 Repository/FALSe-UE4Repository/FALSeTowerDefence/Content/StarterContent/Shapes/Shape_Cylinder.uasset"
[2016.10.21-08.47.11:941][  0]LogPackFactory: Copied "../../../Samples/StarterContent/Content/StarterContent/Shapes/Shape_NarrowCapsule.uasset" to "../../../../../../Users/adam.levin/Downloads/FALSe-UE3 Repository/FALSe-UE4Repository/FALSeTowerDefence/Content/StarterContent/Shapes/Shape_NarrowCapsule.uasset"
[2016.10.21-08.47.11:945][  0]LogPackFactory: Copied "../../../Samples/StarterContent/Content/StarterContent/Shapes/Shape_Pipe.uasset" to "../../../../../../Users/adam.levin/Downloads/FALSe-UE3 Repository/FALSe-UE4Repository/FALSeTowerDefence/Content/StarterContent/Shapes/Shape_Pipe.uasset"
[2016.10.21-08.47.11:948][  0]LogPackFactory: Copied "../../../Samples/StarterContent/Content/StarterContent/Shapes/Shape_Pipe_180.uasset" to "../../../../../../Users/adam.levin/Downloads/FALSe-UE3 Repository/FALSe-UE4Repository/FALSeTowerDefence/Content/StarterContent/Shapes/Shape_Pipe_180.uasset"
[2016.10.21-08.47.11:950][  0]LogPackFactory: Copied "../../../Samples/StarterContent/Content/StarterContent/Shapes/Shape_Pipe_90.uasset" to "../../../../../../Users/adam.levin/Downloads/FALSe-UE3 Repository/FALSe-UE4Repository/FALSeTowerDefence/Content/StarterContent/Shapes/Shape_Pipe_90.uasset"
[2016.10.21-08.47.11:953][  0]LogPackFactory: Copied "../../../Samples/StarterContent/Content/StarterContent/Shapes/Shape_Plane.uasset" to "../../../../../../Users/adam.levin/Downloads/FALSe-UE3 Repository/FALSe-UE4Repository/FALSeTowerDefence/Content/StarterContent/Shapes/Shape_Plane.uasset"
[2016.10.21-08.47.11:955][  0]LogPackFactory: Copied "../../../Samples/StarterContent/Content/StarterContent/Shapes/Shape_QuadPyramid.uasset" to "../../../../../../Users/adam.levin/Downloads/FALSe-UE3 Repository/FALSe-UE4Repository/FALSeTowerDefence/Content/StarterContent/Shapes/Shape_QuadPyramid.uasset"
[2016.10.21-08.47.11:958][  0]LogPackFactory: Copied "../../../Samples/StarterContent/Content/StarterContent/Shapes/Shape_Sphere.uasset" to "../../../../../../Users/adam.levin/Downloads/FALSe-UE3 Repository/FALSe-UE4Repository/FALSeTowerDefence/Content/StarterContent/Shapes/Shape_Sphere.uasset"
[2016.10.21-08.47.11:961][  0]LogPackFactory: Copied "../../../Samples/StarterContent/Content/StarterContent/Shapes/Shape_Torus.uasset" to "../../../../../../Users/adam.levin/Downloads/FALSe-UE3 Repository/FALSe-UE4Repository/FALSeTowerDefence/Content/StarterContent/Shapes/Shape_Torus.uasset"
[2016.10.21-08.47.11:963][  0]LogPackFactory: Copied "../../../Samples/StarterContent/Content/StarterContent/Shapes/Shape_Trim.uasset" to "../../../../../../Users/adam.levin/Downloads/FALSe-UE3 Repository/FALSe-UE4Repository/FALSeTowerDefence/Content/StarterContent/Shapes/Shape_Trim.uasset"
[2016.10.21-08.47.11:965][  0]LogPackFactory: Copied "../../../Samples/StarterContent/Content/StarterContent/Shapes/Shape_Trim_90_In.uasset" to "../../../../../../Users/adam.levin/Downloads/FALSe-UE3 Repository/FALSe-UE4Repository/FALSeTowerDefence/Content/StarterContent/Shapes/Shape_Trim_90_In.uasset"
[2016.10.21-08.47.11:969][  0]LogPackFactory: Copied "../../../Samples/StarterContent/Content/StarterContent/Shapes/Shape_Trim_90_Out.uasset" to "../../../../../../Users/adam.levin/Downloads/FALSe-UE3 Repository/FALSe-UE4Repository/FALSeTowerDefence/Content/StarterContent/Shapes/Shape_Trim_90_Out.uasset"
[2016.10.21-08.47.11:972][  0]LogPackFactory: Copied "../../../Samples/StarterContent/Content/StarterContent/Shapes/Shape_TriPyramid.uasset" to "../../../../../../Users/adam.levin/Downloads/FALSe-UE3 Repository/FALSe-UE4Repository/FALSeTowerDefence/Content/StarterContent/Shapes/Shape_TriPyramid.uasset"
[2016.10.21-08.47.11:974][  0]LogPackFactory: Copied "../../../Samples/StarterContent/Content/StarterContent/Shapes/Shape_Tube.uasset" to "../../../../../../Users/adam.levin/Downloads/FALSe-UE3 Repository/FALSe-UE4Repository/FALSeTowerDefence/Content/StarterContent/Shapes/Shape_Tube.uasset"
[2016.10.21-08.47.11:976][  0]LogPackFactory: Copied "../../../Samples/StarterContent/Content/StarterContent/Shapes/Shape_Wedge_A.uasset" to "../../../../../../Users/adam.levin/Downloads/FALSe-UE3 Repository/FALSe-UE4Repository/FALSeTowerDefence/Content/StarterContent/Shapes/Shape_Wedge_A.uasset"
[2016.10.21-08.47.11:979][  0]LogPackFactory: Copied "../../../Samples/StarterContent/Content/StarterContent/Shapes/Shape_Wedge_B.uasset" to "../../../../../../Users/adam.levin/Downloads/FALSe-UE3 Repository/FALSe-UE4Repository/FALSeTowerDefence/Content/StarterContent/Shapes/Shape_Wedge_B.uasset"
[2016.10.21-08.47.11:982][  0]LogPackFactory: Copied "../../../Samples/StarterContent/Content/StarterContent/Shapes/Shape_WideCapsule.uasset" to "../../../../../../Users/adam.levin/Downloads/FALSe-UE3 Repository/FALSe-UE4Repository/FALSeTowerDefence/Content/StarterContent/Shapes/Shape_WideCapsule.uasset"
[2016.10.21-08.47.11:990][  0]LogPackFactory: Copied "../../../Samples/StarterContent/Content/StarterContent/Textures/T_Brick_Clay_Beveled_D.uasset" to "../../../../../../Users/adam.levin/Downloads/FALSe-UE3 Repository/FALSe-UE4Repository/FALSeTowerDefence/Content/StarterContent/Textures/T_Brick_Clay_Beveled_D.uasset"
[2016.10.21-08.47.11:998][  0]LogPackFactory: Copied "../../../Samples/StarterContent/Content/StarterContent/Textures/T_Brick_Clay_Beveled_M.uasset" to "../../../../../../Users/adam.levin/Downloads/FALSe-UE3 Repository/FALSe-UE4Repository/FALSeTowerDefence/Content/StarterContent/Textures/T_Brick_Clay_Beveled_M.uasset"
[2016.10.21-08.47.12:007][  0]LogPackFactory: Copied "../../../Samples/StarterContent/Content/StarterContent/Textures/T_Brick_Clay_Beveled_N.uasset" to "../../../../../../Users/adam.levin/Downloads/FALSe-UE3 Repository/FALSe-UE4Repository/FALSeTowerDefence/Content/StarterContent/Textures/T_Brick_Clay_Beveled_N.uasset"
[2016.10.21-08.47.12:014][  0]LogPackFactory: Copied "../../../Samples/StarterContent/Content/StarterContent/Textures/T_Brick_Clay_New_D.uasset" to "../../../../../../Users/adam.levin/Downloads/FALSe-UE3 Repository/FALSe-UE4Repository/FALSeTowerDefence/Content/StarterContent/Textures/T_Brick_Clay_New_D.uasset"
[2016.10.21-08.47.12:022][  0]LogPackFactory: Copied "../../../Samples/StarterContent/Content/StarterContent/Textures/T_Brick_Clay_New_M.uasset" to "../../../../../../Users/adam.levin/Downloads/FALSe-UE3 Repository/FALSe-UE4Repository/FALSeTowerDefence/Content/StarterContent/Textures/T_Brick_Clay_New_M.uasset"
[2016.10.21-08.47.12:031][  0]LogPackFactory: Copied "../../../Samples/StarterContent/Content/StarterContent/Textures/T_Brick_Clay_New_N.uasset" to "../../../../../../Users/adam.levin/Downloads/FALSe-UE3 Repository/FALSe-UE4Repository/FALSeTowerDefence/Content/StarterContent/Textures/T_Brick_Clay_New_N.uasset"
[2016.10.21-08.47.12:043][  0]LogPackFactory: Copied "../../../Samples/StarterContent/Content/StarterContent/Textures/T_Brick_Clay_Old_D.uasset" to "../../../../../../Users/adam.levin/Downloads/FALSe-UE3 Repository/FALSe-UE4Repository/FALSeTowerDefence/Content/StarterContent/Textures/T_Brick_Clay_Old_D.uasset"
[2016.10.21-08.47.12:051][  0]LogPackFactory: Copied "../../../Samples/StarterContent/Content/StarterContent/Textures/T_Brick_Clay_Old_N.uasset" to "../../../../../../Users/adam.levin/Downloads/FALSe-UE3 Repository/FALSe-UE4Repository/FALSeTowerDefence/Content/StarterContent/Textures/T_Brick_Clay_Old_N.uasset"
[2016.10.21-08.47.12:063][  0]LogPackFactory: Copied "../../../Samples/StarterContent/Content/StarterContent/Textures/T_Brick_Cut_Stone_D.uasset" to "../../../../../../Users/adam.levin/Downloads/FALSe-UE3 Repository/FALSe-UE4Repository/FALSeTowerDefence/Content/StarterContent/Textures/T_Brick_Cut_Stone_D.uasset"
[2016.10.21-08.47.12:070][  0]LogPackFactory: Copied "../../../Samples/StarterContent/Content/StarterContent/Textures/T_Brick_Cut_Stone_N.uasset" to "../../../../../../Users/adam.levin/Downloads/FALSe-UE3 Repository/FALSe-UE4Repository/FALSeTowerDefence/Content/StarterContent/Textures/T_Brick_Cut_Stone_N.uasset"
[2016.10.21-08.47.12:077][  0]LogPackFactory: Copied "../../../Samples/StarterContent/Content/StarterContent/Textures/T_Brick_Hewn_Stone_D.uasset" to "../../../../../../Users/adam.levin/Downloads/FALSe-UE3 Repository/FALSe-UE4Repository/FALSeTowerDefence/Content/StarterContent/Textures/T_Brick_Hewn_Stone_D.uasset"
[2016.10.21-08.47.12:083][  0]LogPackFactory: Copied "../../../Samples/StarterContent/Content/StarterContent/Textures/T_Brick_Hewn_Stone_M.uasset" to "../../../../../../Users/adam.levin/Downloads/FALSe-UE3 Repository/FALSe-UE4Repository/FALSeTowerDefence/Content/StarterContent/Textures/T_Brick_Hewn_Stone_M.uasset"
[2016.10.21-08.47.12:091][  0]LogPackFactory: Copied "../../../Samples/StarterContent/Content/StarterContent/Textures/T_Brick_Hewn_Stone_N.uasset" to "../../../../../../Users/adam.levin/Downloads/FALSe-UE3 Repository/FALSe-UE4Repository/FALSeTowerDefence/Content/StarterContent/Textures/T_Brick_Hewn_Stone_N.uasset"
[2016.10.21-08.47.12:094][  0]LogPackFactory: Copied "../../../Samples/StarterContent/Content/StarterContent/Textures/T_Burst_M.uasset" to "../../../../../../Users/adam.levin/Downloads/FALSe-UE3 Repository/FALSe-UE4Repository/FALSeTowerDefence/Content/StarterContent/Textures/T_Burst_M.uasset"
[2016.10.21-08.47.12:096][  0]LogPackFactory: Copied "../../../Samples/StarterContent/Content/StarterContent/Textures/T_Bush_D.uasset" to "../../../../../../Users/adam.levin/Downloads/FALSe-UE3 Repository/FALSe-UE4Repository/FALSeTowerDefence/Content/StarterContent/Textures/T_Bush_D.uasset"
[2016.10.21-08.47.12:100][  0]LogPackFactory: Copied "../../../Samples/StarterContent/Content/StarterContent/Textures/T_Bush_N.uasset" to "../../../../../../Users/adam.levin/Downloads/FALSe-UE3 Repository/FALSe-UE4Repository/FALSeTowerDefence/Content/StarterContent/Textures/T_Bush_N.uasset"
[2016.10.21-08.47.12:104][  0]LogPackFactory: Copied "../../../Samples/StarterContent/Content/StarterContent/Textures/T_Ceramic_Tile_M.uasset" to "../../../../../../Users/adam.levin/Downloads/FALSe-UE3 Repository/FALSe-UE4Repository/FALSeTowerDefence/Content/StarterContent/Textures/T_Ceramic_Tile_M.uasset"
[2016.10.21-08.47.12:106][  0]LogPackFactory: Copied "../../../Samples/StarterContent/Content/StarterContent/Textures/T_Ceramic_Tile_N.uasset" to "../../../../../../Users/adam.levin/Downloads/FALSe-UE3 Repository/FALSe-UE4Repository/FALSeTowerDefence/Content/StarterContent/Textures/T_Ceramic_Tile_N.uasset"
[2016.10.21-08.47.12:109][  0]LogPackFactory: Copied "../../../Samples/StarterContent/Content/StarterContent/Textures/T_Chair_M.uasset" to "../../../../../../Users/adam.levin/Downloads/FALSe-UE3 Repository/FALSe-UE4Repository/FALSeTowerDefence/Content/StarterContent/Textures/T_Chair_M.uasset"
[2016.10.21-08.47.12:113][  0]LogPackFactory: Copied "../../../Samples/StarterContent/Content/StarterContent/Textures/T_Chair_N.uasset" to "../../../../../../Users/adam.levin/Downloads/FALSe-UE3 Repository/FALSe-UE4Repository/FALSeTowerDefence/Content/StarterContent/Textures/T_Chair_N.uasset"
[2016.10.21-08.47.12:116][  0]LogPackFactory: Copied "../../../Samples/StarterContent/Content/StarterContent/Textures/T_Checker_Noise_M.uasset" to "../../../../../../Users/adam.levin/Downloads/FALSe-UE3 Repository/FALSe-UE4Repository/FALSeTowerDefence/Content/StarterContent/Textures/T_Checker_Noise_M.uasset"
[2016.10.21-08.47.12:126][  0]LogPackFactory: Copied "../../../Samples/StarterContent/Content/StarterContent/Textures/T_CobbleStone_Pebble_D.uasset" to "../../../../../../Users/adam.levin/Downloads/FALSe-UE3 Repository/FALSe-UE4Repository/FALSeTowerDefence/Content/StarterContent/Textures/T_CobbleStone_Pebble_D.uasset"
[2016.10.21-08.47.12:129][  0]LogPackFactory: Copied "../../../Samples/StarterContent/Content/StarterContent/Textures/T_CobbleStone_Pebble_M.uasset" to "../../../../../../Users/adam.levin/Downloads/FALSe-UE3 Repository/FALSe-UE4Repository/FALSeTowerDefence/Content/StarterContent/Textures/T_CobbleStone_Pebble_M.uasset"
[2016.10.21-08.47.12:139][  0]LogPackFactory: Copied "../../../Samples/StarterContent/Content/StarterContent/Textures/T_CobbleStone_Pebble_N.uasset" to "../../../../../../Users/adam.levin/Downloads/FALSe-UE3 Repository/FALSe-UE4Repository/FALSeTowerDefence/Content/StarterContent/Textures/T_CobbleStone_Pebble_N.uasset"
[2016.10.21-08.47.12:144][  0]LogPackFactory: Copied "../../../Samples/StarterContent/Content/StarterContent/Textures/T_CobbleStone_Rough_D.uasset" to "../../../../../../Users/adam.levin/Downloads/FALSe-UE3 Repository/FALSe-UE4Repository/FALSeTowerDefence/Content/StarterContent/Textures/T_CobbleStone_Rough_D.uasset"
[2016.10.21-08.47.12:148][  0]LogPackFactory: Copied "../../../Samples/StarterContent/Content/StarterContent/Textures/T_CobbleStone_Rough_N.uasset" to "../../../../../../Users/adam.levin/Downloads/FALSe-UE3 Repository/FALSe-UE4Repository/FALSeTowerDefence/Content/StarterContent/Textures/T_CobbleStone_Rough_N.uasset"
[2016.10.21-08.47.12:155][  0]LogPackFactory: Copied "../../../Samples/StarterContent/Content/StarterContent/Textures/T_CobbleStone_Smooth_D.uasset" to "../../../../../../Users/adam.levin/Downloads/FALSe-UE3 Repository/FALSe-UE4Repository/FALSeTowerDefence/Content/StarterContent/Textures/T_CobbleStone_Smooth_D.uasset"
[2016.10.21-08.47.12:161][  0]LogPackFactory: Copied "../../../Samples/StarterContent/Content/StarterContent/Textures/T_CobbleStone_Smooth_M.uasset" to "../../../../../../Users/adam.levin/Downloads/FALSe-UE3 Repository/FALSe-UE4Repository/FALSeTowerDefence/Content/StarterContent/Textures/T_CobbleStone_Smooth_M.uasset"
[2016.10.21-08.47.12:169][  0]LogPackFactory: Copied "../../../Samples/StarterContent/Content/StarterContent/Textures/T_CobbleStone_Smooth_N.uasset" to "../../../../../../Users/adam.levin/Downloads/FALSe-UE3 Repository/FALSe-UE4Repository/FALSeTowerDefence/Content/StarterContent/Textures/T_CobbleStone_Smooth_N.uasset"
[2016.10.21-08.47.12:178][  0]LogPackFactory: Copied "../../../Samples/StarterContent/Content/StarterContent/Textures/T_Concrete_Grime_D.uasset" to "../../../../../../Users/adam.levin/Downloads/FALSe-UE3 Repository/FALSe-UE4Repository/FALSeTowerDefence/Content/StarterContent/Textures/T_Concrete_Grime_D.uasset"
[2016.10.21-08.47.12:186][  0]LogPackFactory: Copied "../../../Samples/StarterContent/Content/StarterContent/Textures/T_Concrete_Panels_D.uasset" to "../../../../../../Users/adam.levin/Downloads/FALSe-UE3 Repository/FALSe-UE4Repository/FALSeTowerDefence/Content/StarterContent/Textures/T_Concrete_Panels_D.uasset"
[2016.10.21-08.47.12:192][  0]LogPackFactory: Copied "../../../Samples/StarterContent/Content/StarterContent/Textures/T_Concrete_Panels_N.uasset" to "../../../../../../Users/adam.levin/Downloads/FALSe-UE3 Repository/FALSe-UE4Repository/FALSeTowerDefence/Content/StarterContent/Textures/T_Concrete_Panels_N.uasset"
[2016.10.21-08.47.12:203][  0]LogPackFactory: Copied "../../../Samples/StarterContent/Content/StarterContent/Textures/T_Concrete_Poured_D.uasset" to "../../../../../../Users/adam.levin/Downloads/FALSe-UE3 Repository/FALSe-UE4Repository/FALSeTowerDefence/Content/StarterContent/Textures/T_Concrete_Poured_D.uasset"
[2016.10.21-08.47.12:211][  0]LogPackFactory: Copied "../../../Samples/StarterContent/Content/StarterContent/Textures/T_Concrete_Poured_N.uasset" to "../../../../../../Users/adam.levin/Downloads/FALSe-UE3 Repository/FALSe-UE4Repository/FALSeTowerDefence/Content/StarterContent/Textures/T_Concrete_Poured_N.uasset"
[2016.10.21-08.47.12:217][  0]LogPackFactory: Copied "../../../Samples/StarterContent/Content/StarterContent/Textures/T_Concrete_Tiles_D.uasset" to "../../../../../../Users/adam.levin/Downloads/FALSe-UE3 Repository/FALSe-UE4Repository/FALSeTowerDefence/Content/StarterContent/Textures/T_Concrete_Tiles_D.uasset"
[2016.10.21-08.47.12:223][  0]LogPackFactory: Copied "../../../Samples/StarterContent/Content/StarterContent/Textures/T_Concrete_Tiles_M.uasset" to "../../../../../../Users/adam.levin/Downloads/FALSe-UE3 Repository/FALSe-UE4Repository/FALSeTowerDefence/Content/StarterContent/Textures/T_Concrete_Tiles_M.uasset"
[2016.10.21-08.47.12:230][  0]LogPackFactory: Copied "../../../Samples/StarterContent/Content/StarterContent/Textures/T_Concrete_Tiles_N.uasset" to "../../../../../../Users/adam.levin/Downloads/FALSe-UE3 Repository/FALSe-UE4Repository/FALSeTowerDefence/Content/StarterContent/Textures/T_Concrete_Tiles_N.uasset"
[2016.10.21-08.47.12:233][  0]LogPackFactory: Copied "../../../Samples/StarterContent/Content/StarterContent/Textures/T_Concrete_Tiles_Variation_M.uasset" to "../../../../../../Users/adam.levin/Downloads/FALSe-UE3 Repository/FALSe-UE4Repository/FALSeTowerDefence/Content/StarterContent/Textures/T_Concrete_Tiles_Variation_M.uasset"
[2016.10.21-08.47.12:237][  0]LogPackFactory: Copied "../../../Samples/StarterContent/Content/StarterContent/Textures/T_Detail_Rocky_N.uasset" to "../../../../../../Users/adam.levin/Downloads/FALSe-UE3 Repository/FALSe-UE4Repository/FALSeTowerDefence/Content/StarterContent/Textures/T_Detail_Rocky_N.uasset"
[2016.10.21-08.47.12:240][  0]LogPackFactory: Copied "../../../Samples/StarterContent/Content/StarterContent/Textures/T_Door_M.uasset" to "../../../../../../Users/adam.levin/Downloads/FALSe-UE3 Repository/FALSe-UE4Repository/FALSeTowerDefence/Content/StarterContent/Textures/T_Door_M.uasset"
[2016.10.21-08.47.12:243][  0]LogPackFactory: Copied "../../../Samples/StarterContent/Content/StarterContent/Textures/T_Door_N.uasset" to "../../../../../../Users/adam.levin/Downloads/FALSe-UE3 Repository/FALSe-UE4Repository/FALSeTowerDefence/Content/StarterContent/Textures/T_Door_N.uasset"
[2016.10.21-08.47.12:246][  0]LogPackFactory: Copied "../../../Samples/StarterContent/Content/StarterContent/Textures/T_Dust_Particle_D.uasset" to "../../../../../../Users/adam.levin/Downloads/FALSe-UE3 Repository/FALSe-UE4Repository/FALSeTowerDefence/Content/StarterContent/Textures/T_Dust_Particle_D.uasset"
[2016.10.21-08.47.12:251][  0]LogPackFactory: Copied "../../../Samples/StarterContent/Content/StarterContent/Textures/T_Explosion_SubUV.uasset" to "../../../../../../Users/adam.levin/Downloads/FALSe-UE3 Repository/FALSe-UE4Repository/FALSeTowerDefence/Content/StarterContent/Textures/T_Explosion_SubUV.uasset"
[2016.10.21-08.47.12:254][  0]LogPackFactory: Copied "../../../Samples/StarterContent/Content/StarterContent/Textures/T_Fire_SubUV.uasset" to "../../../../../../Users/adam.levin/Downloads/FALSe-UE3 Repository/FALSe-UE4Repository/FALSeTowerDefence/Content/StarterContent/Textures/T_Fire_SubUV.uasset"
[2016.10.21-08.47.12:287][  0]LogPackFactory: Copied "../../../Samples/StarterContent/Content/StarterContent/Textures/T_Fire_Tiled_D.uasset" to "../../../../../../Users/adam.levin/Downloads/FALSe-UE3 Repository/FALSe-UE4Repository/FALSeTowerDefence/Content/StarterContent/Textures/T_Fire_Tiled_D.uasset"
[2016.10.21-08.47.12:290][  0]LogPackFactory: Copied "../../../Samples/StarterContent/Content/StarterContent/Textures/T_Frame_M.uasset" to "../../../../../../Users/adam.levin/Downloads/FALSe-UE3 Repository/FALSe-UE4Repository/FALSeTowerDefence/Content/StarterContent/Textures/T_Frame_M.uasset"
[2016.10.21-08.47.12:293][  0]LogPackFactory: Copied "../../../Samples/StarterContent/Content/StarterContent/Textures/T_Frame_N.uasset" to "../../../../../../Users/adam.levin/Downloads/FALSe-UE3 Repository/FALSe-UE4Repository/FALSeTowerDefence/Content/StarterContent/Textures/T_Frame_N.uasset"
[2016.10.21-08.47.12:295][  0]LogPackFactory: Copied "../../../Samples/StarterContent/Content/StarterContent/Textures/T_Gradinet_01.uasset" to "../../../../../../Users/adam.levin/Downloads/FALSe-UE3 Repository/FALSe-UE4Repository/FALSeTowerDefence/Content/StarterContent/Textures/T_Gradinet_01.uasset"
[2016.10.21-08.47.12:304][  0]LogPackFactory: Copied "../../../Samples/StarterContent/Content/StarterContent/Textures/T_Ground_Grass_D.uasset" to "../../../../../../Users/adam.levin/Downloads/FALSe-UE3 Repository/FALSe-UE4Repository/FALSeTowerDefence/Content/StarterContent/Textures/T_Ground_Grass_D.uasset"
[2016.10.21-08.47.12:315][  0]LogPackFactory: Copied "../../../Samples/StarterContent/Content/StarterContent/Textures/T_Ground_Grass_N.uasset" to "../../../../../../Users/adam.levin/Downloads/FALSe-UE3 Repository/FALSe-UE4Repository/FALSeTowerDefence/Content/StarterContent/Textures/T_Ground_Grass_N.uasset"
[2016.10.21-08.47.12:323][  0]LogPackFactory: Copied "../../../Samples/StarterContent/Content/StarterContent/Textures/T_Ground_Gravel_D.uasset" to "../../../../../../Users/adam.levin/Downloads/FALSe-UE3 Repository/FALSe-UE4Repository/FALSeTowerDefence/Content/StarterContent/Textures/T_Ground_Gravel_D.uasset"
[2016.10.21-08.47.12:331][  0]LogPackFactory: Copied "../../../Samples/StarterContent/Content/StarterContent/Textures/T_Ground_Gravel_N.uasset" to "../../../../../../Users/adam.levin/Downloads/FALSe-UE3 Repository/FALSe-UE4Repository/FALSeTowerDefence/Content/StarterContent/Textures/T_Ground_Gravel_N.uasset"
[2016.10.21-08.47.12:342][  0]LogPackFactory: Copied "../../../Samples/StarterContent/Content/StarterContent/Textures/T_ground_Moss_D.uasset" to "../../../../../../Users/adam.levin/Downloads/FALSe-UE3 Repository/FALSe-UE4Repository/FALSeTowerDefence/Content/StarterContent/Textures/T_ground_Moss_D.uasset"
[2016.10.21-08.47.12:631][  0]LogPackFactory: Copied "../../../Samples/StarterContent/Content/StarterContent/Textures/T_Ground_Moss_N.uasset" to "../../../../../../Users/adam.levin/Downloads/FALSe-UE3 Repository/FALSe-UE4Repository/FALSeTowerDefence/Content/StarterContent/Textures/T_Ground_Moss_N.uasset"
[2016.10.21-08.47.12:634][  0]LogPackFactory: Copied "../../../Samples/StarterContent/Content/StarterContent/Textures/T_Lamp_M.uasset" to "../../../../../../Users/adam.levin/Downloads/FALSe-UE3 Repository/FALSe-UE4Repository/FALSeTowerDefence/Content/StarterContent/Textures/T_Lamp_M.uasset"
[2016.10.21-08.47.12:638][  0]LogPackFactory: Copied "../../../Samples/StarterContent/Content/StarterContent/Textures/T_Lamp_N.uasset" to "../../../../../../Users/adam.levin/Downloads/FALSe-UE3 Repository/FALSe-UE4Repository/FALSeTowerDefence/Content/StarterContent/Textures/T_Lamp_N.uasset"
[2016.10.21-08.47.12:648][  0]LogPackFactory: Copied "../../../Samples/StarterContent/Content/StarterContent/Textures/T_MacroVariation.uasset" to "../../../../../../Users/adam.levin/Downloads/FALSe-UE3 Repository/FALSe-UE4Repository/FALSeTowerDefence/Content/StarterContent/Textures/T_MacroVariation.uasset"
[2016.10.21-08.47.12:657][  0]LogPackFactory: Copied "../../../Samples/StarterContent/Content/StarterContent/Textures/T_Metal_Aluminum_D.uasset" to "../../../../../../Users/adam.levin/Downloads/FALSe-UE3 Repository/FALSe-UE4Repository/FALSeTowerDefence/Content/StarterContent/Textures/T_Metal_Aluminum_D.uasset"
[2016.10.21-08.47.12:666][  0]LogPackFactory: Copied "../../../Samples/StarterContent/Content/StarterContent/Textures/T_Metal_Copper_D.uasset" to "../../../../../../Users/adam.levin/Downloads/FALSe-UE3 Repository/FALSe-UE4Repository/FALSeTowerDefence/Content/StarterContent/Textures/T_Metal_Copper_D.uasset"
[2016.10.21-08.47.12:674][  0]LogPackFactory: Copied "../../../Samples/StarterContent/Content/StarterContent/Textures/T_Metal_Gold_D.uasset" to "../../../../../../Users/adam.levin/Downloads/FALSe-UE3 Repository/FALSe-UE4Repository/FALSeTowerDefence/Content/StarterContent/Textures/T_Metal_Gold_D.uasset"
[2016.10.21-08.47.12:679][  0]LogPackFactory: Copied "../../../Samples/StarterContent/Content/StarterContent/Textures/T_Metal_Gold_N.uasset" to "../../../../../../Users/adam.levin/Downloads/FALSe-UE3 Repository/FALSe-UE4Repository/FALSeTowerDefence/Content/StarterContent/Textures/T_Metal_Gold_N.uasset"
[2016.10.21-08.47.12:687][  0]LogPackFactory: Copied "../../../Samples/StarterContent/Content/StarterContent/Textures/T_Metal_Rust_D.uasset" to "../../../../../../Users/adam.levin/Downloads/FALSe-UE3 Repository/FALSe-UE4Repository/FALSeTowerDefence/Content/StarterContent/Textures/T_Metal_Rust_D.uasset"
[2016.10.21-08.47.12:695][  0]LogPackFactory: Copied "../../../Samples/StarterContent/Content/StarterContent/Textures/T_Metal_Rust_N.uasset" to "../../../../../../Users/adam.levin/Downloads/FALSe-UE3 Repository/FALSe-UE4Repository/FALSeTowerDefence/Content/StarterContent/Textures/T_Metal_Rust_N.uasset"
[2016.10.21-08.47.12:700][  0]LogPackFactory: Copied "../../../Samples/StarterContent/Content/StarterContent/Textures/T_Metal_Steel_D.uasset" to "../../../../../../Users/adam.levin/Downloads/FALSe-UE3 Repository/FALSe-UE4Repository/FALSeTowerDefence/Content/StarterContent/Textures/T_Metal_Steel_D.uasset"
[2016.10.21-08.47.12:722][  0]LogPackFactory: Copied "../../../Samples/StarterContent/Content/StarterContent/Textures/T_Metal_Steel_N.uasset" to "../../../../../../Users/adam.levin/Downloads/FALSe-UE3 Repository/FALSe-UE4Repository/FALSeTowerDefence/Content/StarterContent/Textures/T_Metal_Steel_N.uasset"
[2016.10.21-08.47.12:730][  0]LogPackFactory: Copied "../../../Samples/StarterContent/Content/StarterContent/Textures/T_Perlin_Noise_M.uasset" to "../../../../../../Users/adam.levin/Downloads/FALSe-UE3 Repository/FALSe-UE4Repository/FALSeTowerDefence/Content/StarterContent/Textures/T_Perlin_Noise_M.uasset"
[2016.10.21-08.47.12:735][  0]LogPackFactory: Copied "../../../Samples/StarterContent/Content/StarterContent/Textures/T_RockMesh_M.uasset" to "../../../../../../Users/adam.levin/Downloads/FALSe-UE3 Repository/FALSe-UE4Repository/FALSeTowerDefence/Content/StarterContent/Textures/T_RockMesh_M.uasset"
[2016.10.21-08.47.12:742][  0]LogPackFactory: Copied "../../../Samples/StarterContent/Content/StarterContent/Textures/T_RockMesh_N.uasset" to "../../../../../../Users/adam.levin/Downloads/FALSe-UE3 Repository/FALSe-UE4Repository/FALSeTowerDefence/Content/StarterContent/Textures/T_RockMesh_N.uasset"
[2016.10.21-08.47.12:750][  0]LogPackFactory: Copied "../../../Samples/StarterContent/Content/StarterContent/Textures/T_Rock_Basalt_D.uasset" to "../../../../../../Users/adam.levin/Downloads/FALSe-UE3 Repository/FALSe-UE4Repository/FALSeTowerDefence/Content/StarterContent/Textures/T_Rock_Basalt_D.uasset"
[2016.10.21-08.47.12:758][  0]LogPackFactory: Copied "../../../Samples/StarterContent/Content/StarterContent/Textures/T_Rock_Basalt_N.uasset" to "../../../../../../Users/adam.levin/Downloads/FALSe-UE3 Repository/FALSe-UE4Repository/FALSeTowerDefence/Content/StarterContent/Textures/T_Rock_Basalt_N.uasset"
[2016.10.21-08.47.12:765][  0]LogPackFactory: Copied "../../../Samples/StarterContent/Content/StarterContent/Textures/T_Rock_Marble_Polished_D.uasset" to "../../../../../../Users/adam.levin/Downloads/FALSe-UE3 Repository/FALSe-UE4Repository/FALSeTowerDefence/Content/StarterContent/Textures/T_Rock_Marble_Polished_D.uasset"
[2016.10.21-08.47.12:773][  0]LogPackFactory: Copied "../../../Samples/StarterContent/Content/StarterContent/Textures/T_Rock_Sandstone_D.uasset" to "../../../../../../Users/adam.levin/Downloads/FALSe-UE3 Repository/FALSe-UE4Repository/FALSeTowerDefence/Content/StarterContent/Textures/T_Rock_Sandstone_D.uasset"
[2016.10.21-08.47.12:780][  0]LogPackFactory: Copied "../../../Samples/StarterContent/Content/StarterContent/Textures/T_Rock_Sandstone_N.uasset" to "../../../../../../Users/adam.levin/Downloads/FALSe-UE3 Repository/FALSe-UE4Repository/FALSeTowerDefence/Content/StarterContent/Textures/T_Rock_Sandstone_N.uasset"
[2016.10.21-08.47.12:791][  0]LogPackFactory: Copied "../../../Samples/StarterContent/Content/StarterContent/Textures/T_Rock_Slate_D.uasset" to "../../../../../../Users/adam.levin/Downloads/FALSe-UE3 Repository/FALSe-UE4Repository/FALSeTowerDefence/Content/StarterContent/Textures/T_Rock_Slate_D.uasset"
[2016.10.21-08.47.12:799][  0]LogPackFactory: Copied "../../../Samples/StarterContent/Content/StarterContent/Textures/T_Rock_Slate_N.uasset" to "../../../../../../Users/adam.levin/Downloads/FALSe-UE3 Repository/FALSe-UE4Repository/FALSeTowerDefence/Content/StarterContent/Textures/T_Rock_Slate_N.uasset"
[2016.10.21-08.47.12:826][  0]LogPackFactory: Copied "../../../Samples/StarterContent/Content/StarterContent/Textures/T_Rock_Smooth_Granite_D.uasset" to "../../../../../../Users/adam.levin/Downloads/FALSe-UE3 Repository/FALSe-UE4Repository/FALSeTowerDefence/Content/StarterContent/Textures/T_Rock_Smooth_Granite_D.uasset"
[2016.10.21-08.47.12:829][  0]LogPackFactory: Copied "../../../Samples/StarterContent/Content/StarterContent/Textures/T_Shelf_M.uasset" to "../../../../../../Users/adam.levin/Downloads/FALSe-UE3 Repository/FALSe-UE4Repository/FALSeTowerDefence/Content/StarterContent/Textures/T_Shelf_M.uasset"
[2016.10.21-08.47.12:833][  0]LogPackFactory: Copied "../../../Samples/StarterContent/Content/StarterContent/Textures/T_Shelf_N.uasset" to "../../../../../../Users/adam.levin/Downloads/FALSe-UE3 Repository/FALSe-UE4Repository/FALSeTowerDefence/Content/StarterContent/Textures/T_Shelf_N.uasset"
[2016.10.21-08.47.12:836][  0]LogPackFactory: Copied "../../../Samples/StarterContent/Content/StarterContent/Textures/T_Single_Tile_N.uasset" to "../../../../../../Users/adam.levin/Downloads/FALSe-UE3 Repository/FALSe-UE4Repository/FALSeTowerDefence/Content/StarterContent/Textures/T_Single_Tile_N.uasset"
[2016.10.21-08.47.12:840][  0]LogPackFactory: Copied "../../../Samples/StarterContent/Content/StarterContent/Textures/T_Smoke_SubUV.uasset" to "../../../../../../Users/adam.levin/Downloads/FALSe-UE3 Repository/FALSe-UE4Repository/FALSeTowerDefence/Content/StarterContent/Textures/T_Smoke_SubUV.uasset"
[2016.10.21-08.47.12:843][  0]LogPackFactory: Copied "../../../Samples/StarterContent/Content/StarterContent/Textures/T_Smoke_Tiled_D.uasset" to "../../../../../../Users/adam.levin/Downloads/FALSe-UE3 Repository/FALSe-UE4Repository/FALSeTowerDefence/Content/StarterContent/Textures/T_Smoke_Tiled_D.uasset"
[2016.10.21-08.47.12:848][  0]LogPackFactory: Copied "../../../Samples/StarterContent/Content/StarterContent/Textures/T_Spark_Core.uasset" to "../../../../../../Users/adam.levin/Downloads/FALSe-UE3 Repository/FALSe-UE4Repository/FALSeTowerDefence/Content/StarterContent/Textures/T_Spark_Core.uasset"
[2016.10.21-08.47.12:850][  0]LogPackFactory: Copied "../../../Samples/StarterContent/Content/StarterContent/Textures/T_Statue_M.uasset" to "../../../../../../Users/adam.levin/Downloads/FALSe-UE3 Repository/FALSe-UE4Repository/FALSeTowerDefence/Content/StarterContent/Textures/T_Statue_M.uasset"
[2016.10.21-08.47.12:853][  0]LogPackFactory: Copied "../../../Samples/StarterContent/Content/StarterContent/Textures/T_Statue_N.uasset" to "../../../../../../Users/adam.levin/Downloads/FALSe-UE3 Repository/FALSe-UE4Repository/FALSeTowerDefence/Content/StarterContent/Textures/T_Statue_N.uasset"
[2016.10.21-08.47.12:857][  0]LogPackFactory: Copied "../../../Samples/StarterContent/Content/StarterContent/Textures/T_TableRound_M.uasset" to "../../../../../../Users/adam.levin/Downloads/FALSe-UE3 Repository/FALSe-UE4Repository/FALSeTowerDefence/Content/StarterContent/Textures/T_TableRound_M.uasset"
[2016.10.21-08.47.12:862][  0]LogPackFactory: Copied "../../../Samples/StarterContent/Content/StarterContent/Textures/T_TableRound_N.uasset" to "../../../../../../Users/adam.levin/Downloads/FALSe-UE3 Repository/FALSe-UE4Repository/FALSeTowerDefence/Content/StarterContent/Textures/T_TableRound_N.uasset"
[2016.10.21-08.47.12:865][  0]LogPackFactory: Copied "../../../Samples/StarterContent/Content/StarterContent/Textures/T_Tech_Dot_M.uasset" to "../../../../../../Users/adam.levin/Downloads/FALSe-UE3 Repository/FALSe-UE4Repository/FALSeTowerDefence/Content/StarterContent/Textures/T_Tech_Dot_M.uasset"
[2016.10.21-08.47.12:868][  0]LogPackFactory: Copied "../../../Samples/StarterContent/Content/StarterContent/Textures/T_Tech_Dot_N.uasset" to "../../../../../../Users/adam.levin/Downloads/FALSe-UE3 Repository/FALSe-UE4Repository/FALSeTowerDefence/Content/StarterContent/Textures/T_Tech_Dot_N.uasset"
[2016.10.21-08.47.12:871][  0]LogPackFactory: Copied "../../../Samples/StarterContent/Content/StarterContent/Textures/T_Tech_Hex_Tile_M.uasset" to "../../../../../../Users/adam.levin/Downloads/FALSe-UE3 Repository/FALSe-UE4Repository/FALSeTowerDefence/Content/StarterContent/Textures/T_Tech_Hex_Tile_M.uasset"
[2016.10.21-08.47.12:874][  0]LogPackFactory: Copied "../../../Samples/StarterContent/Content/StarterContent/Textures/T_Tech_Hex_Tile_N.uasset" to "../../../../../../Users/adam.levin/Downloads/FALSe-UE3 Repository/FALSe-UE4Repository/FALSeTowerDefence/Content/StarterContent/Textures/T_Tech_Hex_Tile_N.uasset"
[2016.10.21-08.47.12:878][  0]LogPackFactory: Copied "../../../Samples/StarterContent/Content/StarterContent/Textures/T_Tech_Panel_M.uasset" to "../../../../../../Users/adam.levin/Downloads/FALSe-UE3 Repository/FALSe-UE4Repository/FALSeTowerDefence/Content/StarterContent/Textures/T_Tech_Panel_M.uasset"
[2016.10.21-08.47.12:882][  0]LogPackFactory: Copied "../../../Samples/StarterContent/Content/StarterContent/Textures/T_Tech_Panel_N.uasset" to "../../../../../../Users/adam.levin/Downloads/FALSe-UE3 Repository/FALSe-UE4Repository/FALSeTowerDefence/Content/StarterContent/Textures/T_Tech_Panel_N.uasset"
[2016.10.21-08.47.12:886][  0]LogPackFactory: Copied "../../../Samples/StarterContent/Content/StarterContent/Textures/T_Water_M.uasset" to "../../../../../../Users/adam.levin/Downloads/FALSe-UE3 Repository/FALSe-UE4Repository/FALSeTowerDefence/Content/StarterContent/Textures/T_Water_M.uasset"
[2016.10.21-08.47.12:919][  0]LogPackFactory: Copied "../../../Samples/StarterContent/Content/StarterContent/Textures/T_Water_N.uasset" to "../../../../../../Users/adam.levin/Downloads/FALSe-UE3 Repository/FALSe-UE4Repository/FALSeTowerDefence/Content/StarterContent/Textures/T_Water_N.uasset"
[2016.10.21-08.47.12:925][  0]LogPackFactory: Copied "../../../Samples/StarterContent/Content/StarterContent/Textures/T_Wood_Floor_Walnut_D.uasset" to "../../../../../../Users/adam.levin/Downloads/FALSe-UE3 Repository/FALSe-UE4Repository/FALSeTowerDefence/Content/StarterContent/Textures/T_Wood_Floor_Walnut_D.uasset"
[2016.10.21-08.47.12:930][  0]LogPackFactory: Copied "../../../Samples/StarterContent/Content/StarterContent/Textures/T_Wood_Floor_Walnut_M.uasset" to "../../../../../../Users/adam.levin/Downloads/FALSe-UE3 Repository/FALSe-UE4Repository/FALSeTowerDefence/Content/StarterContent/Textures/T_Wood_Floor_Walnut_M.uasset"
[2016.10.21-08.47.12:935][  0]LogPackFactory: Copied "../../../Samples/StarterContent/Content/StarterContent/Textures/T_Wood_Floor_Walnut_N.uasset" to "../../../../../../Users/adam.levin/Downloads/FALSe-UE3 Repository/FALSe-UE4Repository/FALSeTowerDefence/Content/StarterContent/Textures/T_Wood_Floor_Walnut_N.uasset"
[2016.10.21-08.47.12:942][  0]LogPackFactory: Copied "../../../Samples/StarterContent/Content/StarterContent/Textures/T_Wood_Oak_D.uasset" to "../../../../../../Users/adam.levin/Downloads/FALSe-UE3 Repository/FALSe-UE4Repository/FALSeTowerDefence/Content/StarterContent/Textures/T_Wood_Oak_D.uasset"
[2016.10.21-08.47.12:948][  0]LogPackFactory: Copied "../../../Samples/StarterContent/Content/StarterContent/Textures/T_Wood_Oak_N.uasset" to "../../../../../../Users/adam.levin/Downloads/FALSe-UE3 Repository/FALSe-UE4Repository/FALSeTowerDefence/Content/StarterContent/Textures/T_Wood_Oak_N.uasset"
[2016.10.21-08.47.12:956][  0]LogPackFactory: Copied "../../../Samples/StarterContent/Content/StarterContent/Textures/T_Wood_Pine_D.uasset" to "../../../../../../Users/adam.levin/Downloads/FALSe-UE3 Repository/FALSe-UE4Repository/FALSeTowerDefence/Content/StarterContent/Textures/T_Wood_Pine_D.uasset"
[2016.10.21-08.47.12:961][  0]LogPackFactory: Copied "../../../Samples/StarterContent/Content/StarterContent/Textures/T_Wood_Pine_N.uasset" to "../../../../../../Users/adam.levin/Downloads/FALSe-UE3 Repository/FALSe-UE4Repository/FALSeTowerDefence/Content/StarterContent/Textures/T_Wood_Pine_N.uasset"
[2016.10.21-08.47.12:969][  0]LogPackFactory: Copied "../../../Samples/StarterContent/Content/StarterContent/Textures/T_Wood_Walnut_D.uasset" to "../../../../../../Users/adam.levin/Downloads/FALSe-UE3 Repository/FALSe-UE4Repository/FALSeTowerDefence/Content/StarterContent/Textures/T_Wood_Walnut_D.uasset"
[2016.10.21-08.47.12:974][  0]LogPackFactory: Copied "../../../Samples/StarterContent/Content/StarterContent/Textures/T_Wood_Walnut_N.uasset" to "../../../../../../Users/adam.levin/Downloads/FALSe-UE3 Repository/FALSe-UE4Repository/FALSeTowerDefence/Content/StarterContent/Textures/T_Wood_Walnut_N.uasset"
[2016.10.21-08.47.13:050][  0]LogRenderer: Reallocating scene render targets to support 256x256 (Frame:2).
[2016.10.21-08.47.13:155][  0]LogSavePackage: Save=10.648097ms
[2016.10.21-08.47.13:155][  0]LogSavePackage: Moving '../../../../../../Users/adam.levin/Downloads/FALSe-UE3 Repository/FALSe-UE4Repository/FALSeTowerDefence/Saved/Floor_400x40017A2638E4ABC3E8146ADE59081BD51D0.tmp' to '../../../../../../Users/adam.levin/Downloads/FALSe-UE3 Repository/FALSe-UE4Repository/FALSeTowerDefence/Content/StarterContent/Architecture/Floor_400x400.uasset'
[2016.10.21-08.47.13:156][  0]LogSavePackage: Total save time: 15.312891ms
[2016.10.21-08.47.13:156][  0]LogSavePackage:Warning: Finished SavePackage ../../../../../../Users/adam.levin/Downloads/FALSe-UE3 Repository/FALSe-UE4Repository/FALSeTowerDefence/Content/StarterContent/Architecture/Floor_400x400.uasset
[2016.10.21-08.47.13:156][  0]LogFeaturePack:Warning: Inserted 1 feature packs
[2016.10.21-08.47.13:159][  0]LightingResults: New page: Lighting Build
[2016.10.21-08.47.13:162][  0]MapCheck: New page: Map Check
[2016.10.21-08.47.13:162][  0]LightingResults: New page: Lighting Build
[2016.10.21-08.47.13:171][  0]LogParticles: Destroying 0 GPU particle simulations for FXSystem 0x0000000021159620
[2016.10.21-08.47.13:271][  0]LogLinker:Warning: Asset '../../../../../../Users/adam.levin/Downloads/FALSe-UE3 Repository/FALSe-UE4Repository/FALSeTowerDefence/Content/FirstPersonBP/Blueprints/FirstPersonProjectile.uasset' has been saved with empty engine version. The asset will be loaded but may be incompatible.
[2016.10.21-08.47.13:272][  0]LogLinker:Warning: Asset '../../../../../../Users/adam.levin/Downloads/FALSe-UE3 Repository/FALSe-UE4Repository/FALSeTowerDefence/Content/FirstPerson/Meshes/FirstPersonProjectileMesh.uasset' has been saved with empty engine version. The asset will be loaded but may be incompatible.
[2016.10.21-08.47.13:581][  0]LogAIModule: Creating AISystem for world FirstPersonExampleMap
[2016.10.21-08.47.13:587][  0]LogEditorServer: Finished looking for orphan Actors (0.000 secs)
[2016.10.21-08.47.13:588][  0]Cmd: MAP CHECKDEP NOCLEARLOG
[2016.10.21-08.47.13:625][  0]MapCheck: Info Map check complete: 0 Error(s), 0 Warning(s), took 36.86ms to complete.
[2016.10.21-08.47.13:625][  0]LogFileHelpers: Loading map 'FirstPersonExampleMap' took 0.466
[2016.10.21-08.47.13:699][  0]LogCollectionManager: Loaded 0 collections in 0.001439 seconds
[2016.10.21-08.47.13:737][  0]LogFileCache: Scanning file cache for directory 'C:/Users/adam.levin/Downloads/FALSe-UE3 Repository/FALSe-UE4Repository/FALSeTowerDefence/Saved/Collections/' took 0.01s
[2016.10.21-08.47.13:737][  0]LogFileCache: Scanning file cache for directory 'C:/Users/adam.levin/Downloads/FALSe-UE3 Repository/FALSe-UE4Repository/FALSeTowerDefence/Content/Developers/adamlevin/Collections/' took 0.01s
[2016.10.21-08.47.13:737][  0]LogFileCache: Scanning file cache for directory 'C:/Users/adam.levin/Downloads/FALSe-UE3 Repository/FALSe-UE4Repository/FALSeTowerDefence/Content/Collections/' took 0.01s
[2016.10.21-08.47.13:737][  0]LogContentBrowser: Native class hierarchy populated in 0.0059 seconds. Added 1882 classes and 339 folders.
[2016.10.21-08.47.13:741][  0]LogCollectionManager: Rebuilt the GUID cache for 0 collections in 0.000002 seconds
[2016.10.21-08.47.13:746][  0]LogContentBrowser: Native class hierarchy updated for 'WidgetCarousel' in 0.0003 seconds. Added 0 classes and 0 folders.
[2016.10.21-08.47.13:776][  0]LogContentBrowser: Native class hierarchy updated for 'AddContentDialog' in 0.0003 seconds. Added 0 classes and 0 folders.
[2016.10.21-08.47.13:780][  0]LogContentBrowser: Native class hierarchy updated for 'SceneOutliner' in 0.0003 seconds. Added 1 classes and 2 folders.
[2016.10.21-08.47.13:800][  0]LogCrashTracker: Crashtracker disabled due to settings.
[2016.10.21-08.47.13:802][  0]LogUObjectGlobals:Warning: Failed to find object 'Class None.'
[2016.10.21-08.47.13:826][  0]LogLoad: Full Startup: 9.28 seconds (BP compile: 0.09 seconds)
[2016.10.21-08.47.13:836][  0]LoadErrors:Error: Error /Game/FirstPersonBP/Maps/FirstPersonExampleMap : Failed import for SkeletalMeshComponent /Game/FirstPersonBP/Blueprints/FirstPersonCharacter.FirstPersonCharacter_C:SkeletalMesh_GEN_VARIABLE
[2016.10.21-08.47.13:893][  0]LogContentStreaming: Texture pool size now 200 MB
[2016.10.21-08.47.13:985][  0]LogRenderer: Reallocating scene render targets to support 1208x576 (Frame:3).
[2016.10.21-08.47.17:746][  5]LogAssetRegistry: Asset discovery search completed in 8.9771 seconds
[2016.10.21-08.47.17:746][  5]LogCollectionManager: Rebuilt the object cache for 0 collections in 0.000001 s