[2016.10.28-07.47.39:014][  0]Log file open, 10/28/16 09:47:39
[2016.10.28-07.47.39:014][  0]LogInit:Display: Running engine for game: FALSeTowerDefence
[2016.10.28-07.47.39:014][  0]LogInit:Display: RandInit(-1090610494) SRandInit(-1090610493).
[2016.10.28-07.47.39:014][  0]LogTaskGraph: Started task graph with 4 named threads and 7 total threads.
[2016.10.28-07.47.39:014][  0]LogStats: Stats thread started at 0.065386
[2016.10.28-07.47.39:014][  0]LogInit: Version: 4.9.2-2707645+++depot+UE4-Releases+4.9
[2016.10.28-07.47.39:014][  0]LogInit: API Version: 2672455
[2016.10.28-07.47.39:014][  0]LogInit: Compiled (64-bit): Sep 28 2015 10:25:44
[2016.10.28-07.47.39:014][  0]LogInit: Compiled with Visual C++: 18.00.21005.01
[2016.10.28-07.47.39:014][  0]LogInit: Build Configuration: Development
[2016.10.28-07.47.39:014][  0]LogInit: Branch Name: ++depot+UE4-Releases+4.9
[2016.10.28-07.47.39:014][  0]LogInit: Command line:  
[2016.10.28-07.47.39:014][  0]LogInit: Base directory: C:/Program Files/Epic Games/4.9/Engine/Binaries/Win64/
[2016.10.28-07.47.39:014][  0]LogInit: Rocket: 1
[2016.10.28-07.47.39:021][  0]LogInit: Using libcurl 7.41.0
[2016.10.28-07.47.39:021][  0]LogInit:  - built for x86_64-pc-win32
[2016.10.28-07.47.39:021][  0]LogInit:  - supports SSL with WinSSL
[2016.10.28-07.47.39:021][  0]LogInit:  - other features:
[2016.10.28-07.47.39:021][  0]LogInit:      CURL_VERSION_SSL
[2016.10.28-07.47.39:021][  0]LogInit:      CURL_VERSION_IPV6
[2016.10.28-07.47.39:021][  0]LogInit:      CURL_VERSION_ASYNCHDNS
[2016.10.28-07.47.39:021][  0]LogInit:      CURL_VERSION_LARGEFILE
[2016.10.28-07.47.39:021][  0]LogInit:      CURL_VERSION_IDN
[2016.10.28-07.47.39:021][  0]LogInit:  CurlRequestOptions (configurable via config and command line):
[2016.10.28-07.47.39:021][  0]LogInit:  - bVerifyPeer = true  - Libcurl will verify peer certificate
[2016.10.28-07.47.39:021][  0]LogInit:  - bUseHttpProxy = false  - Libcurl will NOT use HTTP proxy
[2016.10.28-07.47.39:021][  0]LogInit:  - bDontReuseConnections = false  - Libcurl will reuse connections
[2016.10.28-07.47.39:021][  0]LogInit:  - CertBundlePath = nullptr  - Libcurl will use whatever was configured at build time.
[2016.10.28-07.47.39:026][  0]LogInit: Presizing for 0 objects not considered by GC, pre-allocating 0 bytes.
[2016.10.28-07.47.39:032][  0]LogInit: Object subsystem initialized
[2016.10.28-07.47.39:033][  0]LogInit: Selected Device Profile: [Windows]
[2016.10.28-07.47.39:033][  0]LogInit: Applying CVar settings loaded from the selected device profile: [Windows]
[2016.10.28-07.47.39:046][  0]LogInit: Computer: S4F29464
[2016.10.28-07.47.39:046][  0]LogInit: User: lovemartinsson
[2016.10.28-07.47.39:046][  0]LogInit: CPU Page size=4096, Cores=4
[2016.10.28-07.47.39:046][  0]LogInit: High frequency timer resolution =3.507753 MHz
[2016.10.28-07.47.39:046][  0]LogMemory: Memory total: Physical=15.9GB (16GB approx)
[2016.10.28-07.47.39:046][  0]LogMemory: Platform Memory Stats for Windows
[2016.10.28-07.47.39:046][  0]LogMemory: Process Physical Memory: 54.84 MB used, 54.84 MB peak
[2016.10.28-07.47.39:046][  0]LogMemory: Process Virtual Memory: 59.20 MB used, 59.20 MB peak
[2016.10.28-07.47.39:046][  0]LogMemory: Physical Memory: 4210.02 MB used, 16307.89 MB total
[2016.10.28-07.47.39:046][  0]LogMemory: Virtual Memory: 339.88 MB used, 8388608.00 MB total
[2016.10.28-07.47.39:074][  0]LogTextLocalizationManager: No translations for ('sv-SE') exist, falling back to 'en' for localization and internationalization data.
[2016.10.28-07.47.39:724][  0]LogD3D11RHI: Found D3D11 adapter 0: NVIDIA GeForce GT 620  (Feature Level 11_0)
[2016.10.28-07.47.39:724][  0]LogD3D11RHI: Adapter has 977MB of dedicated video memory, 0MB of dedicated system memory, and 3071MB of shared system memory, 1 output[s]
[2016.10.28-07.47.39:724][  0]LogD3D11RHI: Chosen D3D11 Adapter Id = 0
[2016.10.28-07.47.39:727][  0]LogD3D11RHI: !Direct3DDevice
[2016.10.28-07.47.39:727][  0]LogRHI: Texture pool is 684 MB (70% of 977 MB)
[2016.10.28-07.47.39:731][  0]LogD3D11RHI: Async texture creation enabled
[2016.10.28-07.47.39:740][  0]LogShaderCompilers: Guid format shader working directory is 15 characters bigger than the processId version (../../../../../../Users/love.martinsson/Downloads/FALSe-UE4 Repository/FALSe-UE4Repository/FALSeTowerDefence/Intermediate/Shaders/WorkingDirectory/3948/).
[2016.10.28-07.47.39:740][  0]LogShaderCompilers: Cleaned the shader compiler working directory '../../../../../../Users/love.martinsson/Downloads/FALSe-UE4 Repository/FALSe-UE4Repository/FALSeTowerDefence/Intermediate/Shaders/tmp/462310C34319F2A39BC1A0BC55FDC639/'.
[2016.10.28-07.47.39:740][  0]LogShaderCompilers:Display: Using Local Shader Compiler.
[2016.10.28-07.47.40:631][  0]LogTemp:Display: Loaded TP AllDesktopTargetPlatform
[2016.10.28-07.47.40:636][  0]LogTemp:Display: Loaded TP WindowsClientTargetPlatform
[2016.10.28-07.47.40:640][  0]LogTemp:Display: Loaded TP WindowsNoEditorTargetPlatform
[2016.10.28-07.47.40:645][  0]LogTemp:Display: Loaded TP WindowsServerTargetPlatform
[2016.10.28-07.47.40:649][  0]LogTemp:Display: Loaded TP WindowsTargetPlatform
[2016.10.28-07.47.40:652][  0]LogTemp:Display: Loaded TP AndroidTargetPlatform
[2016.10.28-07.47.40:655][  0]LogTemp:Display: Loaded TP Android_ASTCTargetPlatform
[2016.10.28-07.47.40:658][  0]LogTemp:Display: Loaded TP Android_ATCTargetPlatform
[2016.10.28-07.47.40:661][  0]LogTemp:Display: Loaded TP Android_DXTTargetPlatform
[2016.10.28-07.47.40:664][  0]LogTemp:Display: Loaded TP Android_ETC1TargetPlatform
[2016.10.28-07.47.40:667][  0]LogTemp:Display: Loaded TP Android_ETC2TargetPlatform
[2016.10.28-07.47.40:671][  0]LogTemp:Display: Loaded TP Android_PVRTCTargetPlatform
[2016.10.28-07.47.40:671][  0]LogTemp:Display: Loaded TP HTML5TargetPlatform
[2016.10.28-07.47.40:686][  0]LogTemp:Display: Loaded TP IOSTargetPlatform
[2016.10.28-07.47.40:689][  0]LogTemp:Display: Loaded TP LinuxNoEditorTargetPlatform
[2016.10.28-07.47.40:692][  0]LogTemp:Display: Loaded TP LinuxServerTargetPlatform
[2016.10.28-07.47.40:695][  0]LogTemp:Display: Loaded TP LinuxTargetPlatform
[2016.10.28-07.47.40:695][  0]LogTargetPlatformManager:Display: Building Assets For Windows
[2016.10.28-07.47.40:754][  0]LogDerivedDataCache:Display: Max Cache Size: 512 MB
[2016.10.28-07.47.40:792][  0]LogDerivedDataCache: Loaded boot cache 0.04s 41MB C:/Users/love.martinsson/AppData/Local/UnrealEngine/4.9/DerivedDataCache/Boot.ddc.
[2016.10.28-07.47.40:792][  0]LogDerivedDataCache:Display: Loaded Boot cache: C:/Users/love.martinsson/AppData/Local/UnrealEngine/4.9/DerivedDataCache/Boot.ddc
[2016.10.28-07.47.40:792][  0]LogDerivedDataCache: FDerivedDataBackendGraph:  Pak pak cache file ../../../../../../Users/love.martinsson/Downloads/FALSe-UE4 Repository/FALSe-UE4Repository/FALSeTowerDefence/DerivedDataCache/DDC.ddp not found, will not use a pak cache.
[2016.10.28-07.47.40:792][  0]LogDerivedDataCache: Unable to find inner node Pak for hierarchical cache Hierarchy.
[2016.10.28-07.47.40:792][  0]LogDerivedDataCache: FDerivedDataBackendGraph:  CompressedPak pak cache file ../../../../../../Users/love.martinsson/Downloads/FALSe-UE4 Repository/FALSe-UE4Repository/FALSeTowerDefence/DerivedDataCache/Compressed.ddp not found, will not use a pak cache.
[2016.10.28-07.47.40:792][  0]LogDerivedDataCache: Unable to find inner node CompressedPak for hierarchical cache Hierarchy.
[2016.10.28-07.47.40:912][  0]LogDerivedDataCache:Display: Pak cache opened for reading ../../../Engine/DerivedDataCache/Compressed.ddp.
[2016.10.28-07.47.40:923][  0]LogDerivedDataCache: Using Local data cache path C:/Users/love.martinsson/AppData/Local/UnrealEngine/Common/DerivedDataCache: Writable
[2016.10.28-07.47.41:073][  0]LogInit: Selected Device Profile: [Windows]
[2016.10.28-07.47.41:074][  0]LogContentStreaming: Texture pool size is 0.000000MB
[2016.10.28-07.47.41:095][  0]LogMeshUtilities: No automatic mesh reduction module available
[2016.10.28-07.47.41:095][  0]LogMeshUtilities: No automatic mesh merging module available
[2016.10.28-07.47.41:448][  0]LogInit: WinSock: version 1.1 (2.2), MaxSocks=32767, MaxUdp=65467
[2016.10.28-07.47.42:019][  0]LogAssetRegistry: FAssetRegistry took 0.0103 seconds to start up
[2016.10.28-07.47.42:031][  0]UdpMessaging: Initializing bridge on interface 0.0.0.0:0 to multicast group 230.0.0.1:6666.
[2016.10.28-07.47.42:248][  0]SourceControl: Info Source control is disabled
[2016.10.28-07.47.42:248][  0]SourceControl: Info Source control is disabled
[2016.10.28-07.47.42:255][  0]SourceControl: Info Source control is disabled
[2016.10.28-07.47.42:263][  0]SourceControl: Info Source control is disabled
[2016.10.28-07.47.42:359][  0]LogLinker:Warning: Asset '../../../Engine/Plugins/Runtime/LeapMotionController/Content/LM_PassthroughMaterial.uasset' has been saved with empty engine version. The asset will be loaded but may be incompatible.
[2016.10.28-07.47.42:426][  0]LogObj: 28528 objects as part of root set at end of initial load.
[2016.10.28-07.47.42:426][  0]LogUObjectAllocator: 6068464 out of 0 bytes used by permanent object pool.
[2016.10.28-07.47.42:482][  0]LogEngine: Initializing Engine...
[2016.10.28-07.47.42:484][  0]LogHMD: Can't find Oculus library dev build: is proper Runtime installed? Version: 0.7.0.0
[2016.10.28-07.47.42:484][  0]LogHMD: SteamVR failed to initialize.  Err: 110
[2016.10.28-07.47.42:593][  0]LogAIModule: Creating AISystem for world NewWorld
[2016.10.28-07.47.42:596][  0]LogInit: XAudio2 using 'Högtalare (Realtek High Definition Audio)' : 2 channels at 48 kHz using 32 bits per sample (channel mask 0x3)
[2016.10.28-07.47.42:613][  0]LogInit: FAudioDevice initialized.
[2016.10.28-07.47.42:631][  0]LogDerivedDataCache: Saved boot cache 0.02s 41MB C:/Users/love.martinsson/AppData/Local/UnrealEngine/4.9/DerivedDataCache/Boot.ddc.
[2016.10.28-07.47.42:636][  0]LogInit: Texture streaming: Enabled
[2016.10.28-07.47.42:640][  0]LogAnalytics: Creating configured Analytics provider AnalyticsET
[2016.10.28-07.47.42:640][  0]LogAnalytics: [UEEditor.Rocket.Release] APIServer = http://et2.epicgames.com/ET2/. AppVersion = 4.9.2-2707645+++depot+UE4-Releases+4.9
[2016.10.28-07.47.42:640][  0]LogAnalytics: [UEEditor.Rocket.Release] SetUserId deabdfef4dd6873d6116ce93fd2509c6|c57426b140e149a3b79dfcd2d2ac5f63|0a661c3d-71c6-4503-94cd-542849c2affd
[2016.10.28-07.47.42:640][  0]LogAnalytics: [UEEditor.Rocket.Release] AnalyticsET::StartSession
[2016.10.28-07.47.42:664][  0]LogInit: Transaction tracking system initialized
[2016.10.28-07.47.42:685][  0]BlueprintLog: New page: Editor Load
[2016.10.28-07.47.42:748][  0]LocalizationService: Info Localization service is disabled
[2016.10.28-07.47.42:961][  0]LogConsoleResponse:Display: 
[2016.10.28-07.47.43:055][  0]LogCook:Display: Done creating registry. It took  0.00s.
[2016.10.28-07.47.43:097][  0]LogFileCache: Scanning file cache for directory 'C:/Users/love.martinsson/Downloads/FALSe-UE4 Repository/FALSe-UE4Repository/FALSeTowerDefence/Content/' took 0.01s
[2016.10.28-07.47.43:097][  0]SourceControl: Info Source control is disabled
[2016.10.28-07.47.43:103][  0]LightingResults: New page: Lighting Build
[2016.10.28-07.47.43:105][  0]MapCheck: New page: Map Check
[2016.10.28-07.47.43:105][  0]LightingResults: New page: Lighting Build
[2016.10.28-07.47.43:113][  0]LogParticles: Destroying 0 GPU particle simulations for FXSystem 0x000000002047D620
[2016.10.28-07.47.43:213][  0]LogLinker:Warning: Asset '../../../../../../Users/love.martinsson/Downloads/FALSe-UE4 Repository/FALSe-UE4Repository/FALSeTowerDefence/Content/FirstPersonBP/Blueprints/FirstPersonProjectile.uasset' has been saved with empty engine version. The asset will be loaded but may be incompatible.
[2016.10.28-07.47.43:214][  0]LogLinker:Warning: Asset '../../../../../../Users/love.martinsson/Downloads/FALSe-UE4 Repository/FALSe-UE4Repository/FALSeTowerDefence/Content/FirstPerson/Meshes/FirstPersonProjectileMesh.uasset' has been saved with empty engine version. The asset will be loaded but may be incompatible.
[2016.10.28-07.47.43:545][  0]LogAIModule: Creating AISystem for world FirstPersonExampleMap
[2016.10.28-07.47.43:552][  0]LogEditorServer: Finished looking for orphan Actors (0.000 secs)
[2016.10.28-07.47.43:552][  0]Cmd: MAP CHECKDEP NOCLEARLOG
[2016.10.28-07.47.43:595][  0]MapCheck: Info Map check complete: 0 Error(s), 0 Warning(s), took 42.892ms to complete.
[2016.10.28-07.47.43:595][  0]LogFileHelpers: Loading map 'FirstPersonExampleMap' took 0.498
[2016.10.28-07.47.43:683][  0]LogCollectionManager: Loaded 0 collections in 0.001680 seconds
[2016.10.28-07.47.43:719][  0]LogFileCache: Scanning file cache for directory 'C:/Users/love.martinsson/Downloads/FALSe-UE4 Repository/FALSe-UE4Repository/FALSeTowerDefence/Saved/Collections/' took 0.01s
[2016.10.28-07.47.43:719][  0]LogFileCache: Scanning file cache for directory 'C:/Users/love.martinsson/Downloads/FALSe-UE4 Repository/FALSe-UE4Repository/FALSeTowerDefence/Content/Developers/lovemartinsson/Collections/' took 0.01s
[2016.10.28-07.47.43:719][  0]LogFileCache: Scanning file cache for directory 'C:/Users/love.martinsson/Downloads/FALSe-UE4 Repository/FALSe-UE4Repository/FALSeTowerDefence/Content/Collections/' took 0.01s
[2016.10.28-07.47.43:719][  0]LogContentBrowser: Native class hierarchy populated in 0.0056 seconds. Added 1882 classes and 339 folders.
[2016.10.28-07.47.43:722][  0]LogCollectionManager: Rebuilt the GUID cache for 0 collections in 0.000002 seconds
[2016.10.28-07.47.43:727][  0]LogContentBrowser: Native class hierarchy updated for 'WidgetCarousel' in 0.0002 seconds. Added 0 classes and 0 folders.
[2016.10.28-07.47.43:760][  0]LogContentBrowser: Native class hierarchy updated for 'AddContentDialog' in 0.0003 seconds. Added 0 classes and 0 folders.
[2016.10.28-07.47.43:763][  0]LogContentBrowser: Native class hierarchy updated for 'SceneOutliner' in 0.0003 seconds. Added 1 classes and 2 folders.
[2016.10.28-07.47.43:816][  0]LogCrashTracker: Crashtracker disabled due to settings.
[2016.10.28-07.47.43:819][  0]LogUObjectGlobals:Warning: Failed to find object 'Class None.'
[2016.10.28-07.47.43:839][  0]LogLoad: Full Startup: 5.56 seconds (BP compile: 0.09 seconds)
[2016.10.28-07.47.43:849][  0]LoadErrors:Error: Error /Game/FirstPersonBP/Maps/FirstPersonExampleMap : Failed import for SkeletalMeshComponent /Game/FirstPersonBP/Blueprints/FirstPersonCharacter.FirstPersonCharacter_C:SkeletalMesh_GEN_VARIABLE
[2016.10.28-07.47.43:888][  0]LogContentStreaming: Texture pool size now 200 MB
[2016.10.28-07.47.44:009][  0]LogRenderer: Reallocating scene render targets to support 1188x556 (Frame:2).
[2016.10.28-07.47.44:531][  4]LogAssetRegistry: Asset discovery search completed in 2.5229 seconds
[2016.10.28-07.47.44:531][  4]LogCollectionManager: Rebuilt the object cache for 0 collections in 0.000001 seconds (found 0 objects)
[2016.10.28-07.47.44:531][  4]LogCollectionManager: Fixed up redirectors for 0 collections in 0.000016 seconds (updated 0 objects)
[2016.10.28-07.48.33:304][291]LogBlueprintUserMessages: Early PlayInEditor Detection: Level '/Game/FirstPersonBP/Maps/FirstPersonExampleMap.FirstPersonExampleMap:PersistentLevel' has LevelScriptBlueprint '/Game/FirstPersonBP/Maps/FirstPersonExampleMap.FirstPersonExampleMap:PersistentLevel.FirstPersonExampleMap' with GeneratedClass '/Game/FirstPersonBP/Maps/FirstPersonExampleMap.FirstPersonExampleMap_C' with ClassGeneratedBy '/Game/FirstPersonBP/Maps/FirstPersonExampleMap.FirstPersonExampleMap:PersistentLevel.FirstPersonExampleMap'
[2016.10.28-07.48.33:304][291]LogPlayLevel: PlayLevel: No blueprints needed recompiling
[2016.10.28-07.48.33:335][291]PIE: New page: PIE session: FirstPersonExampleMap (Oct 28, 2016, 11:48:33 AM)
[2016.10.28-07.48.33:335][291]LogPlayLevel: Creating play world package: /Game/FirstPersonBP/Maps/UEDPIE_0_FirstPersonExampleMap
[2016.10.28-07.48.33:356][291]LogPlayLevel: PIE: StaticDuplicateObject took: (0.020570s)
[2016.10.28-07.48.33:357][291]LogAIModule: Creating AISystem for world FirstPersonExampleMap
[2016.10.28-07.48.33:357][291]LogPlayLevel: PIE: World Init took: (0.000824s)
[2016.10.28-07.48.33:357][291]LogPlayLevel: PIE: Created PIE world by copying editor world from /Game/FirstPersonBP/Maps/FirstPersonExampleMap.FirstPersonExampleMap to /Game/FirstPersonBP/Maps/UEDPIE_0_FirstPersonExampleMap.FirstPersonExampleMap (0.021575s)
[2016.10.28-07.48.33:357][291]LogActorComponent: UnregisterComponent: (/Engine/Transient.ProjectileMovementComponent_40__A6522401) Not registered. Aborting.
[2016.10.28-07.48.33:357][291]LogActorComponent: UnregisterComponent: (/Engine/Transient.CharMoveComp) Not registered. Aborting.
[2016.10.28-07.48.33:379][291]LogInit: XAudio2 using 'Högtalare (Realtek High Definition Audio)' : 2 channels at 48 kHz using 32 bits per sample (channel mask 0x3)
[2016.10.28-07.48.33:384][291]LogInit: FAudioDevice initialized.
[2016.10.28-07.48.33:445][291]LogLinker:Warning: Asset '../../../../../../Users/love.martinsson/Downloads/FALSe-UE4 Repository/FALSe-UE4Repository/FALSeTowerDefence/Content/FirstPersonBP/Blueprints/FirstPersonHUD.uasset' has been saved with empty engine version. The asset will be loaded but may be incompatible.
[2016.10.28-07.48.33:465][291]LogWorld: Game class is 'FirstPersonGameMode_C'
[2016.10.28-07.48.33:469][291]LogWorld: Bringing World /Game/FirstPersonBP/Maps/UEDPIE_0_FirstPersonExampleMap.FirstPersonExampleMap up for play (max tick rate 0) at 2016.10.28-09.48.33
[2016.10.28-07.48.33:470][291]LogActor:Warning: GameSession /Game/FirstPersonBP/Maps/UEDPIE_0_FirstPersonExampleMap.FirstPersonExampleMap:PersistentLevel.GameSession_0 has natively added scene component(s), but none of them were set as the actor's RootComponent - picking one arbitrarily
[2016.10.28-07.48.33:470][291]LogActor:Warning: GameNetworkManager /Game/FirstPersonBP/Maps/UEDPIE_0_FirstPersonExampleMap.FirstPersonExampleMap:PersistentLevel.GameNetworkManager_0 has natively added scene component(s), but none of them were set as the actor's RootComponent - picking one arbitrarily
[2016.10.28-07.48.33:470][291]LogWorld: Bringing up level for play took: 0.004066
[2016.10.28-07.48.33:471][291]PIE: Info Play in editor start time for /Game/FirstPersonBP/Maps/UEDPIE_0_FirstPersonExampleMap -0.066
[2016.10.28-07.48.33:471][291]LogBlueprintUserMessages: Late PlayInEditor Detection: Level '/Game/FirstPersonBP/Maps/FirstPersonExampleMap.FirstPersonExampleMap:PersistentLevel' has LevelScriptBlueprint '/Game/FirstPersonBP/Maps/FirstPersonExampleMap.FirstPersonExampleMap:PersistentLevel.FirstPersonExampleMap' with GeneratedClass '/Game/FirstPersonBP/Maps/FirstPersonExampleMap.FirstPersonExampleMap_C' with ClassGeneratedBy '/Game/FirstPersonBP/Maps/FirstPersonExampleMap.FirstPersonExampleMap:PersistentLevel.FirstPersonExampleMap'
[2016.10.28-07.48.36:076][357]LogBlueprintUserMessages: Early EndPlayMap Detection: Level '/Game/FirstPersonBP/Maps/FirstPersonExampleMap.FirstPersonExampleMap:PersistentLevel' has LevelScriptBlueprint '/Game/FirstPersonBP/Maps/FirstPersonExampleMap.FirstPersonExampleMap:PersistentLevel.FirstPersonExampleMap' with GeneratedClass '/Game/FirstPersonBP/Maps/FirstPersonExampleMap.FirstPersonExampleMap_C' with ClassGeneratedBy '/Game/FirstPersonBP/Maps/FirstPersonExampleMap.FirstPersonExampleMap:PersistentLevel.FirstPersonExampleMap'
[2016.10.28-07.48.36:152][357]LogBlueprintUserMessages: Late EndPlayMap Detection: Level '/Game/FirstPersonBP/Maps/FirstPersonExampleMap.FirstPersonExampleMap:PersistentLevel' has LevelScriptBlueprint '/Game/FirstPersonBP/Maps/FirstPersonExampleMap.FirstPersonExampleMap:PersistentLevel.FirstPersonExampleMap' with GeneratedClass '/Game/FirstPersonBP/Maps/FirstPersonExampleMap.FirstPersonExampleMap_C' with ClassGeneratedBy '/Game/FirstPersonBP/Maps/FirstPersonExampleMap.FirstPersonExampleMap:PersistentLevel.FirstPersonExampleMap'
[2016.10.28-07.48.36:163][357]LogParticles: Destroying 0 GPU particle simulations for FXSystem 0x0000000021EE3920
[2016.10.28-07.48.38:577][392]LogActorComponent: UnregisterComponent: (/Engine/Transient.ProjectileMovementComponent_40__A6522401) Not registered. Aborting.
[2016.10.28-07.48.38:577][392]LogActorComponent: UnregisterComponent: (/Engine/Transient.CharMoveComp) Not registered. Aborting.
[2016.10.28-07.48.38:955][393]Cmd: QUIT_EDITOR
[2016.10.28-07.48.39:179][393]LogExit: Preparing to exit.
[2016.10.28-07.48.40:077][393]LogExit: Editor shut down
[2016.10.28-07.48.40:077][393]LogExit: Transaction tracking system shut down
[2016.10.28-07.48.40:079][393]LogParticles: Destroying 0 GPU particle simulations for FXSystem 0x00000000106005E0
[2016.10.28-07.48.40:079][393]LogParticles: Destroying 0 GPU particle simulations for FXSystem 0x0000000021E9F880
[2016.10.28-07.48.40:079][393]LogParticles: Destroying 0 GPU particle simulations for FXSystem 0x0000000026AEA340
[2016.10.28-07.48.40:184][393]LogExit: Object subsystem successfully closed.
[2016.10.28-07.48.40:201][393]LogD3D11RHI: Shutdown
[2016.10.28-07.48.40:201][393]LogD3D11RHI: CleanupD3DDevice
[2016.10.28-07.48.41:365][393]LogD3D11RHI: ~FD3D11DynamicRHI
[2016.10.28-07.48.41:378][393]LogModuleManager: Shutting down and abandoning module CrashTracker (199)
[2016.10.28-07.48.41:378][393]LogModuleManager: Shutting down and abandoning module SceneOutliner (198)
[2016.10.28-07.48.41:378][393]LogModuleManager: Shutting down and abandoning module SuperSearch (197)
[2016.10.28-07.48.41:378][393]LogModuleManager: Shutting down and abandoning module WidgetCarousel (196)
[2016.10.28-07.48.41:378][393]LogModuleManager: Shutting down and abandoning module AddContentDialog (195)
[2016.10.28-07.48.41:378][393]LogModuleManager: Shutting down and abandoning module EditorWidgets (194)
[2016.10.28-07.48.41:378][393]LogModuleManager: Shutting down and abandoning module CollectionManager (193)
[2016.10.28-07.48.41:379][393]LogModuleManager: Shutting down and abandoning module StatsViewer (192)
[2016.10.28-07.48.41:379][393]LogModuleManager: Shutting down and abandoning module FoliageEdit (191)
[2016.10.28-07.48.41:379][393]LogModuleManager: Shutting down and abandoning module LandscapeEditor (190)
[2016.10.28-07.48.41:379][393]LogModuleManager: Shutting down and abandoning module ActorPickerMode (189)
[2016.10.28-07.48.41:379][393]LogModuleManager: Shutting down and abandoning module GeometryMode (188)
[2016.10.28-07.48.41:379][393]LogModuleManager: Shutting down and abandoning module TextureAlignMode (187)
[2016.10.28-07.48.41:379][393]LogModuleManager: Shutting down and abandoning module BspMode (186)
[2016.10.28-07.48.41:379][393]LogModuleManager: Shutting down and abandoning module PlacementMode (185)
[2016.10.28-07.48.41:379][393]LogModuleManager: Shutting down and abandoning module AutomationWorker (184)
[2016.10.28-07.48.41:379][393]LogModuleManager: Shutting down and abandoning module CharacterAI (183)
[2016.10.28-07.48.41:379][393]LogModuleManager: Shutting down and abandoning module SmartSnapping (182)
[2016.10.28-07.48.41:379][393]LogModuleManager: Shutting down and abandoning module ViewportSnapping (181)
[2016.10.28-07.48.41:379][393]LogModuleManager: Shutting down and abandoning module LogVisualizer (180)
[2016.10.28-07.48.41:379][393]LogModuleManager: Shutting down and abandoning module GameProjectGeneration (179)
[2016.10.28-07.48.41:379][393]LogModuleManager: Shutting down and abandoning module IntroTutorials (178)
[2016.10.28-07.48.41:379][393]LogModuleManager: Shutting down and abandoning module EditorLiveStreaming (177)
[2016.10.28-07.48.41:379][393]LogModuleManager: Shutting down and abandoning module IOSPlatformEditor (176)
[2016.10.28-07.48.41:379][393]LogModuleManager: Shutting down and abandoning module HTML5PlatformEditor (175)
[2016.10.28-07.48.41:379][393]LogModuleManager: Shutting down and abandoning module AndroidDeviceDetection (174)
[2016.10.28-07.48.41:774][393]LogModuleManager: Shutting down and abandoning module AndroidPlatformEditor (173)
[2016.10.28-07.48.41:774][393]LogModuleManager: Shutting down and abandoning module IOSRuntimeSettings (172)
[2016.10.28-07.48.41:774][393]LogModuleManager: Shutting down and abandoning module AndroidRuntimeSettings (171)
[2016.10.28-07.48.41:774][393]LogModuleManager: Shutting down and abandoning module MergeActors (170)
[2016.10.28-07.48.41:774][393]LogModuleManager: Shutting down and abandoning module SizeMap (169)
[2016.10.28-07.48.41:774][393]LogModuleManager: Shutting down and abandoning module TreeMap (168)
[2016.10.28-07.48.41:774][393]LogModuleManager: Shutting down and abandoning module ReferenceViewer (167)
[2016.10.28-07.48.41:774][393]LogModuleManager: Shutting down and abandoning module LocalizationService (166)
[2016.10.28-07.48.41:774][393]LogModuleManager: Shutting down and abandoning module LocalizationDashboard (165)
[2016.10.28-07.48.41:774][393]LogModuleManager: Shutting down and abandoning module HardwareTargeting (164)
[2016.10.28-07.48.41:774][393]LogModuleManager: Shutting down and abandoning module DeviceProfileEditor (163)
[2016.10.28-07.48.41:774][393]LogModuleManager: Shutting down and abandoning module UndoHistory (162)
[2016.10.28-07.48.41:774][393]LogModuleManager: Shutting down and abandoning module GameplayTagsEditor (161)
[2016.10.28-07.48.41:774][393]LogModuleManager: Shutting down and abandoning module UserFeedback (160)
[2016.10.28-07.48.41:774][393]LogModuleManager: Shutting down and abandoning module XmlParser (159)
[2016.10.28-07.48.41:774][393]LogModuleManager: Shutting down and abandoning module Blutility (158)
[2016.10.28-07.48.41:774][393]LogModuleManager: Shutting down and abandoning module ProjectTargetPlatformEditor (157)
[2016.10.28-07.48.41:774][393]LogModuleManager: Shutting down and abandoning module ProjectSettingsViewer (156)
[2016.10.28-07.48.41:774][393]LogModuleManager: Shutting down and abandoning module InputBindingEditor (155)
[2016.10.28-07.48.41:774][393]LogModuleManager: Shutting down and abandoning module EditorSettingsViewer (154)
[2016.10.28-07.48.41:774][393]LogModuleManager: Shutting down and abandoning module SettingsEditor (153)
[2016.10.28-07.48.41:774][393]LogModuleManager: Shutting down and abandoning module ProjectLauncher (152)
[2016.10.28-07.48.41:774][393]LogModuleManager: Shutting down and abandoning module SessionFrontend (151)
[2016.10.28-07.48.41:774][393]LogModuleManager: Shutting down and abandoning module ProfilerClient (150)
[2016.10.28-07.48.41:774][393]LogModuleManager: Shutting down and abandoning module TargetDeviceServices (149)
[2016.10.28-07.48.41:774][393]LogModuleManager: Shutting down and abandoning module DeviceManager (148)
[2016.10.28-07.48.41:774][393]LogModuleManager: Shutting down and abandoning module AutomationController (147)
[2016.10.28-07.48.41:774][393]LogModuleManager: Shutting down and abandoning module AutomationWindow (146)
[2016.10.28-07.48.41:774][393]LogModuleManager: Shutting down and abandoning module Layers (145)
[2016.10.28-07.48.41:774][393]LogModuleManager: Shutting down and abandoning module ComponentVisualizers (144)
[2016.10.28-07.48.41:774][393]LogModuleManager: Shutting down and abandoning module DetailCustomizations (143)
[2016.10.28-07.48.41:774][393]LogModuleManager: Shutting down and abandoning module PackagesDialog (142)
[2016.10.28-07.48.41:774][393]LogModuleManager: Shutting down and abandoning module Persona (141)
[2016.10.28-07.48.41:774][393]LogModuleManager: Shutting down and abandoning module Kismet (140)
[2016.10.28-07.48.41:774][393]LogModuleManager: Shutting down and abandoning module GraphEditor (139)
[2016.10.28-07.48.41:775][393]LogModuleManager: Shutting down and abandoning module ClassViewer (138)
[2016.10.28-07.48.41:775][393]LogModuleManager: Shutting down and abandoning module Toolbox (137)
[2016.10.28-07.48.41:775][393]LogModuleManager: Shutting down and abandoning module ModuleUI (136)
[2016.10.28-07.48.41:775][393]LogModuleManager: Shutting down and abandoning module MovieSceneTools (135)
[2016.10.28-07.48.41:775][393]LogModuleManager: Shutting down and abandoning module OutputLog (134)
[2016.10.28-07.48.41:775][393]LogModuleManager: Shutting down and abandoning module GammaUI (133)
[2016.10.28-07.48.41:775][393]LogModuleManager: Shutting down and abandoning module Documentation (132)
[2016.10.28-07.48.41:775][393]LogModuleManager: Shutting down and abandoning module GameLiveStreaming (131)
[2016.10.28-07.48.41:775][393]LogModuleManager: Shutting down and abandoning module StreamingPauseRendering (130)
[2016.10.28-07.48.41:775][393]LogModuleManager: Shutting down and abandoning module AnalyticsET (129)
[2016.10.28-07.48.41:775][393]LogModuleManager: Shutting down and abandoning module Analytics (128)
[2016.10.28-07.48.41:775][393]LogModuleManager: Shutting down and abandoning module AITestSuite (127)
[2016.10.28-07.48.41:775][393]LogModuleManager: Shutting down and abandoning module GameplayDebugger (126)
[2016.10.28-07.48.41:775][393]LogModuleManager: Shutting down and abandoning module AIModule (125)
[2016.10.28-07.48.41:775][393]LogModuleManager: Shutting down and abandoning module ProfilerService (124)
[2016.10.28-07.48.41:934][393]LogModuleManager: Shutting down and abandoning module TaskGraph (123)
[2016.10.28-07.48.41:934][393]LogModuleManager: Shutting down and abandoning module SubstanceEditor (122)
[2016.10.28-07.48.41:934][393]LogModuleManager: Shutting down and abandoning module SlateRemote (121)
[2016.10.28-07.48.41:934][393]LogModuleManager: Shutting down and abandoning module SteamVRController (120)
[2016.10.28-07.48.41:934][393]LogModuleManager: Shutting down and abandoning module SteamVR (119)
[2016.10.28-07.48.41:934][393]LogModuleManager: Shutting down and abandoning module ProceduralMeshComponent (118)
[2016.10.28-07.48.41:934][393]LogModuleManager: Shutting down and abandoning module OculusRift (117)
[2016.10.28-07.48.41:934][393]LogModuleManager: Shutting down and abandoning module OculusLibrary (116)
[2016.10.28-07.48.41:934][393]LogModuleManager: Shutting down and abandoning module LeapMotionController (115)
[2016.10.28-07.48.41:939][393]LogModuleManager: Shutting down and abandoning module CustomMeshComponent (114)
[2016.10.28-07.48.41:939][393]LogModuleManager: Shutting down and abandoning module CableComponent (113)
[2016.10.28-07.48.41:939][393]LogModuleManager: Shutting down and abandoning module ArchVisCharacter (112)
[2016.10.28-07.48.41:939][393]LogModuleManager: Shutting down and abandoning module MessagingDebugger (111)
[2016.10.28-07.48.41:940][393]LogModuleManager: Shutting down and abandoning module MediaPlayerEditor (110)
[2016.10.28-07.48.41:940][393]LogModuleManager: Shutting down and abandoning module HTML5Networking (109)
[2016.10.28-07.48.41:940][393]LogModuleManager: Shutting down and abandoning module SpeedTreeImporter (108)
[2016.10.28-07.48.41:940][393]LogModuleManager: Shutting down and abandoning module PluginBrowser (107)
[2016.10.28-07.48.41:940][393]LogModuleManager: Shutting down and abandoning module EpicSurvey (106)
[2016.10.28-07.48.41:940][393]LogModuleManager: Shutting down and abandoning module DesktopPlatform (105)
[2016.10.28-07.48.41:940][393]LogModuleManager: Shutting down and abandoning module VisualStudioSourceCodeAccess (104)
[2016.10.28-07.48.41:940][393]LogModuleManager: Shutting down and abandoning module UObjectPlugin (103)
[2016.10.28-07.48.41:940][393]LogModuleManager: Shutting down and abandoning module SubversionSourceControl (102)
[2016.10.28-07.48.41:940][393]LogModuleManager: Shutting down and abandoning module PerforceSourceControl (101)
[2016.10.28-07.48.41:940][393]LogModuleManager: Shutting down and abandoning module SourceControl (100)
[2016.10.28-07.48.41:940][393]LogModuleManager: Shutting down and abandoning module GitSourceControl (99)
[2016.10.28-07.48.41:940][393]LogModuleManager: Shutting down and abandoning module LightPropagationVolumeEditor (98)
[2016.10.28-07.48.41:940][393]LogModuleManager: Shutting down and abandoning module PaperTiledImporter (97)
[2016.10.28-07.48.41:940][393]LogModuleManager: Shutting down and abandoning module PaperSpriteSheetImporter (96)
[2016.10.28-07.48.41:940][393]LogModuleManager: Shutting down and abandoning module MeshPaint (95)
[2016.10.28-07.48.41:940][393]LogModuleManager: Shutting down and abandoning module SlateReflector (94)
[2016.10.28-07.48.41:940][393]LogModuleManager: Shutting down and abandoning module HotReload (93)
[2016.10.28-07.48.41:940][393]LogModuleManager: Shutting down and abandoning module MainFrame (92)
[2016.10.28-07.48.41:940][393]LogModuleManager: Shutting down and abandoning module LevelEditor (91)
[2016.10.28-07.48.41:941][393]LogModuleManager: Shutting down and abandoning module ContentBrowser (90)
[2016.10.28-07.48.41:941][393]LogModuleManager: Shutting down and abandoning module Paper2DEditor (89)
[2016.10.28-07.48.41:941][393]LogModuleManager: Shutting down and abandoning module UdpMessaging (88)
[2016.10.28-07.48.42:041][393]LogModuleManager: Shutting down and abandoning module DirectoryWatcher (87)
[2016.10.28-07.48.42:041][393]LogModuleManager: Shutting down and abandoning module AssetRegistry (86)
[2016.10.28-07.48.42:078][393]LogModuleManager: Shutting down and abandoning module SubstanceCore (85)
[2016.10.28-07.48.42:078][393]LogModuleManager: Shutting down and abandoning module LightPropagationVolumeRuntime (84)
[2016.10.28-07.48.42:078][393]LogModuleManager: Shutting down and abandoning module Paper2D (83)
[2016.10.28-07.48.42:078][393]LogModuleManager: Shutting down and abandoning module WindowsMoviePlayer (82)
[2016.10.28-07.48.42:081][393]LogModuleManager: Shutting down and abandoning module Media (81)
[2016.10.28-07.48.42:081][393]LogModuleManager: Shutting down and abandoning module WmfMedia (80)
[2016.10.28-07.48.42:081][393]LogModuleManager: Shutting down and abandoning module OnlineBlueprintSupport (79)
[2016.10.28-07.48.42:081][393]LogModuleManager: Shutting down and abandoning module GameplayTasksEditor (78)
[2016.10.28-07.48.42:081][393]LogModuleManager: Shutting down and abandoning module PropertyEditor (77)
[2016.10.28-07.48.42:081][393]LogModuleManager: Shutting down and abandoning module BehaviorTreeEditor (76)
[2016.10.28-07.48.42:081][393]LogModuleManager: Shutting down and abandoning module FunctionalTesting (75)
[2016.10.28-07.48.42:081][393]LogModuleManager: Shutting down and abandoning module CollisionAnalyzer (74)
[2016.10.28-07.48.42:081][393]LogModuleManager: Shutting down and abandoning module WorkspaceMenuStructure (73)
[2016.10.28-07.48.42:081][393]LogModuleManager: Shutting down and abandoning module MessageLog (72)
[2016.10.28-07.48.42:081][393]LogModuleManager: Shutting down and abandoning module Sequencer (71)
[2016.10.28-07.48.42:081][393]LogModuleManager: Shutting down and abandoning module AssetTools (70)
[2016.10.28-07.48.42:081][393]LogModuleManager: Shutting down and abandoning module UMGEditor (69)
[2016.10.28-07.48.42:081][393]LogModuleManager: Shutting down and abandoning module UMG (68)
[2016.10.28-07.48.42:081][393]LogModuleManager: Shutting down and abandoning module Slate (67)
[2016.10.28-07.48.42:081][393]LogModuleManager: Shutting down and abandoning module EditorStyle (66)
[2016.10.28-07.48.42:083][393]LogModuleManager: Shutting down and abandoning module SessionServices (65)
[2016.10.28-07.48.42:083][393]LogModuleManager: Shutting down and abandoning module SourceCodeAccess (64)
[2016.10.28-07.48.42:083][393]LogModuleManager: Shutting down and abandoning module HeadMountedDisplay (63)
[2016.10.28-07.48.42:083][393]LogModuleManager: Shutting down and abandoning module XAudio2 (62)
[2016.10.28-07.48.42:083][393]LogModuleManager: Shutting down and abandoning module Networking (60)
[2016.10.28-07.48.42:083][393]LogModuleManager: Shutting down and abandoning module Core (59)
[2016.10.28-07.48.42:083][393]LogModuleManager: Shutting down and abandoning module KismetCompiler (58)
[2016.10.28-07.48.42:083][393]LogModuleManager: Shutting down and abandoning module PhysXFormats (57)
[2016.10.28-07.48.42:083][393]LogModuleManager: Shutting down and abandoning module MeshUtilities (56)
[2016.10.28-07.48.42:083][393]LogModuleManager: Shutting down and abandoning module CookingStats (55)
[2016.10.28-07.48.42:084][393]LogModuleManager: Shutting down and abandoning module DerivedDataCache (54)
[2016.10.28-07.48.42:415][393]LogDerivedDataCache: Shutdown
[2016.10.28-07.48.42:415][393]LogModuleManager: Shutting down and abandoning module ShaderFormatOpenGL (53)
[2016.10.28-07.48.42:415][393]LogModuleManager: Shutting down and abandoning module ShaderFormatD3D (52)
[2016.10.28-07.48.42:415][393]LogModuleManager: Shutting down and abandoning module MetalShaderFormat (51)
[2016.10.28-07.48.42:415][393]LogModuleManager: Shutting down and abandoning module TextureFormatUncompressed (50)
[2016.10.28-07.48.42:415][393]LogModuleManager: Shutting down and abandoning module TextureFormatPVR (49)
[2016.10.28-07.48.42:415][393]LogModuleManager: Shutting down and abandoning module TextureFormatIntelISPCTexComp (48)
[2016.10.28-07.48.42:415][393]LogModuleManager: Shutting down and abandoning module TextureFormatDXT (47)
[2016.10.28-07.48.42:415][393]LogModuleManager: Shutting down and abandoning module ImageWrapper (46)
[2016.10.28-07.48.42:415][393]LogModuleManager: Shutting down and abandoning module TextureFormatASTC (45)
[2016.10.28-07.48.42:415][393]LogModuleManager: Shutting down and abandoning module TextureFormatAndroid (44)
[2016.10.28-07.48.42:415][393]LogModuleManager: Shutting down and abandoning module AudioFormatOpus (43)
[2016.10.28-07.48.42:415][393]LogModuleManager: Shutting down and abandoning module AudioFormatOgg (42)
[2016.10.28-07.48.42:415][393]LogModuleManager: Shutting down and abandoning module AudioFormatADPCM (41)
[2016.10.28-07.48.42:415][393]LogModuleManager: Shutting down and abandoning module LinuxTargetPlatform (40)
[2016.10.28-07.48.42:415][393]LogModuleManager: Shutting down and abandoning module LinuxServerTargetPlatform (39)
[2016.10.28-07.48.42:415][393]LogModuleManager: Shutting down and abandoning module LinuxNoEditorTargetPlatform (38)
[2016.10.28-07.48.42:415][393]LogModuleManager: Shutting down and abandoning module Messaging (37)
[2016.10.28-07.48.42:415][393]LogModuleManager: Shutting down and abandoning module IOSTargetPlatform (36)
[2016.10.28-07.48.42:415][393]LogModuleManager: Shutting down and abandoning module HTML5TargetPlatform (35)
[2016.10.28-07.48.42:415][393]LogModuleManager: Shutting down and abandoning module Android_PVRTCTargetPlatform (34)
[2016.10.28-07.48.42:415][393]LogModuleManager: Shutting down and abandoning module Android_ETC2TargetPlatform (33)
[2016.10.28-07.48.42:415][393]LogModuleManager: Shutting down and abandoning module Android_ETC1TargetPlatform (32)
[2016.10.28-07.48.42:415][393]LogModuleManager: Shutting down and abandoning module Android_DXTTargetPlatform (31)
[2016.10.28-07.48.42:415][393]LogModuleManager: Shutting down and abandoning module Android_ATCTargetPlatform (30)
[2016.10.28-07.48.42:415][393]LogModuleManager: Shutting down and abandoning module Android_ASTCTargetPlatform (29)
[2016.10.28-07.48.42:415][393]LogModuleManager: Shutting down and abandoning module AndroidTargetPlatform (28)
[2016.10.28-07.48.42:415][393]LogModuleManager: Shutting down and abandoning module WindowsTargetPlatform (27)
[2016.10.28-07.48.42:415][393]LogModuleManager: Shutting down and abandoning module WindowsServerTargetPlatform (26)
[2016.10.28-07.48.42:415][393]LogModuleManager: Shutting down and abandoning module WindowsNoEditorTargetPlatform (25)
[2016.10.28-07.48.42:415][393]LogModuleManager: Shutting down and abandoning module WindowsClientTargetPlatform (24)
[2016.10.28-07.48.42:415][393]LogModuleManager: Shutting down and abandoning module AllDesktopTargetPlatform (23)
[2016.10.28-07.48.42:415][393]LogModuleManager: Shutting down and abandoning module TargetPlatform (22)
[2016.10.28-07.48.42:415][393]LogModuleManager: Shutting down and abandoning module InputCore (21)
[2016.10.28-07.48.42:415][393]LogModuleManager: Shutting down and abandoning module Settings (20)
[2016.10.28-07.48.42:415][393]LogModuleManager: Shutting down and abandoning module OnlineSubsystem (18)
[2016.10.28-07.48.42:415][393]LogModuleManager: Shutting down and abandoning module HTTP (17)
[2016.10.28-07.48.44:415][393]LogModuleManager: Shutting down and abandoning module XMPP (16)
[2016.10.28-07.48.44:415][393]LogModuleManager: Shutting down and abandoning module ExampleDeviceProfileSelector (15)
[2016.10.28-07.48.44:415][393]LogModuleManager: Shutting down and abandoning module TextureCompressor (14)
[2016.10.28-07.48.44:415][393]LogModuleManager: Shutting down and abandoning module ShaderCore (13)
[2016.10.28-07.48.44:415][393]LogModuleManager: Shutting down and abandoning module Landscape (12)
[2016.10.28-07.48.44:415][393]LogModuleManager: Shutting down and abandoning module SlateRHIRenderer (11)
[2016.10.28-07.48.44:415][393]LogModuleManager: Shutting down and abandoning module OpenGLDrv (10)
[2016.10.28-07.48.44:415][393]LogModuleManager: Shutting down and abandoning module D3D11RHI (9)
[2016.10.28-07.48.44:415][393]LogModuleManager: Shutting down and abandoning module AnimGraphRuntime (8)
[2016.10.28-07.48.44:415][393]LogModuleManager: Shutting down and abandoning module Renderer (7)
[2016.10.28-07.48.44:415][393]LogModuleManager: Shutting down and abandoning module Engine (6)
[2016.10.28-07.48.44:415][393]LogModuleManager: Shutting down and abandoning module CoreUObject (5)
[2016.10.28-07.48.44:415][393]LogModuleManager: Shutting down and abandoning module NetworkFile (4)
[2016.10.28-07.48.44:415][393]LogModuleManager: Shutting down and abandoning module StreamingFile (3)
[2016.10.28-07.48.44:415][393]LogModuleManager: Shutting down and abandoning module SandboxFile (2)
[2016.10.28-07.48.44:415][393]LogModuleManager: Shutting down and abandoning module PakFile (1)
[2016.10.28-07.48.44:416][393]LogExit: Exiting.
[2016.10.28-07.48.44:417][393]Log file closed, 10/28/16 09:48:44
